[2026-03-11 17:14:41,036] INFO in alembic.runtime.migration: Context impl SQLiteImpl.
[2026-03-11 17:14:41,036] INFO in alembic.runtime.migration: Will assume non-transactional DDL.
[2026-03-11 17:14:41,038] INFO in alembic.runtime.migration: Running upgrade  -> 498bbf0b3be2, migration
[2026-03-11 17:14:42,988] INFO in ziplime_grpc_data_source.grpc_asset_data_source: {"event": "Got 36 exchanges from GRPC asset data source.", "logger": "ziplime_grpc_data_source.grpc_asset_data_source", "level": "info", "timestamp": "2026-03-11T12:14:42.988071Z", "func_name": "get_exchanges", "lineno": 113, "filename": "grpc_asset_data_source.py"}
[2026-03-11 17:14:44,313] INFO in ziplime_grpc_data_source.grpc_asset_data_source: {"event": "Got 16285 assets from GRPC asset data source.", "logger": "ziplime_grpc_data_source.grpc_asset_data_source", "level": "info", "timestamp": "2026-03-11T12:14:44.312775Z", "func_name": "get_assets", "lineno": 55, "filename": "grpc_asset_data_source.py"}
[2026-03-11 18:55:01,869] INFO in alembic.runtime.migration: Context impl SQLiteImpl.
[2026-03-11 18:55:01,869] INFO in alembic.runtime.migration: Will assume non-transactional DDL.
[2026-03-11 18:55:05,374] INFO in ziplime.data.services.bundle_service: {"event": "Ingesting market data bundle: name=grpc_daily_data, date_start=2025-09-01 00:00:00+03:00, date_end=2025-09-18 00:00:00+03:00, symbols=['SBER@MISX', 'UGLD@MISX', 'UKUZ@MISX', 'WUSH@MISX'], frequency=1 day, 0:00:00", "logger": "ziplime.data.services.bundle_service", "level": "info", "timestamp": "2026-03-11T13:55:05.374682Z", "func_name": "ingest_market_data_bundle", "filename": "bundle_service.py", "lineno": 297}
[2026-03-11 18:55:05,378] INFO in ziplime_grpc_data_source.grpc_data_source: {"symbol": "SBER@MISX", "start_date": "datetime.datetime(2025, 9, 1, 0, 0, tzinfo=zoneinfo.ZoneInfo(key='Europe/Moscow'))", "end_date": "datetime.datetime(2025, 9, 18, 0, 0, tzinfo=zoneinfo.ZoneInfo(key='Europe/Moscow'))", "event": "Fetching market data for symbol SBER@MISX - 2025-09-01 00:00:00+03:00 to 2025-09-18 00:00:00+03:00", "logger": "ziplime_grpc_data_source.grpc_data_source", "level": "info", "timestamp": "2026-03-11T13:55:05.378753Z", "func_name": "fetch_historical_lime_trader_data", "filename": "grpc_data_source.py", "lineno": 101}
[2026-03-11 18:55:05,378] INFO in ziplime_grpc_data_source.grpc_data_source: {"symbol": "UGLD@MISX", "start_date": "datetime.datetime(2025, 9, 1, 0, 0, tzinfo=zoneinfo.ZoneInfo(key='Europe/Moscow'))", "end_date": "datetime.datetime(2025, 9, 18, 0, 0, tzinfo=zoneinfo.ZoneInfo(key='Europe/Moscow'))", "event": "Fetching market data for symbol UGLD@MISX - 2025-09-01 00:00:00+03:00 to 2025-09-18 00:00:00+03:00", "logger": "ziplime_grpc_data_source.grpc_data_source", "level": "info", "timestamp": "2026-03-11T13:55:05.378932Z", "func_name": "fetch_historical_lime_trader_data", "filename": "grpc_data_source.py", "lineno": 101}
[2026-03-11 18:55:05,379] INFO in ziplime_grpc_data_source.grpc_data_source: {"symbol": "UKUZ@MISX", "start_date": "datetime.datetime(2025, 9, 1, 0, 0, tzinfo=zoneinfo.ZoneInfo(key='Europe/Moscow'))", "end_date": "datetime.datetime(2025, 9, 18, 0, 0, tzinfo=zoneinfo.ZoneInfo(key='Europe/Moscow'))", "event": "Fetching market data for symbol UKUZ@MISX - 2025-09-01 00:00:00+03:00 to 2025-09-18 00:00:00+03:00", "logger": "ziplime_grpc_data_source.grpc_data_source", "level": "info", "timestamp": "2026-03-11T13:55:05.379036Z", "func_name": "fetch_historical_lime_trader_data", "filename": "grpc_data_source.py", "lineno": 101}
[2026-03-11 18:55:05,379] INFO in ziplime_grpc_data_source.grpc_data_source: {"symbol": "WUSH@MISX", "start_date": "datetime.datetime(2025, 9, 1, 0, 0, tzinfo=zoneinfo.ZoneInfo(key='Europe/Moscow'))", "end_date": "datetime.datetime(2025, 9, 18, 0, 0, tzinfo=zoneinfo.ZoneInfo(key='Europe/Moscow'))", "event": "Fetching market data for symbol WUSH@MISX - 2025-09-01 00:00:00+03:00 to 2025-09-18 00:00:00+03:00", "logger": "ziplime_grpc_data_source.grpc_data_source", "level": "info", "timestamp": "2026-03-11T13:55:05.379204Z", "func_name": "fetch_historical_lime_trader_data", "filename": "grpc_data_source.py", "lineno": 101}
[2026-03-11 18:55:07,568] INFO in ziplime_grpc_data_source.grpc_data_source: {"symbol": "UKUZ@MISX", "start_date": "datetime.datetime(2025, 9, 1, 0, 0, tzinfo=zoneinfo.ZoneInfo(key='Europe/Moscow'))", "end_date": "datetime.datetime(2025, 9, 18, 0, 0, tzinfo=zoneinfo.ZoneInfo(key='Europe/Moscow'))", "duration": 2.1886231899261475, "event": "Fetched market data for symbol UKUZ@MISX - 2025-09-01 00:00:00+03:00 to 2025-09-18 00:00:00+03:00 in 2.19", "logger": "ziplime_grpc_data_source.grpc_data_source", "level": "info", "timestamp": "2026-03-11T13:55:07.567990Z", "func_name": "fetch_historical_lime_trader_data", "filename": "grpc_data_source.py", "lineno": 125}
[2026-03-11 18:55:07,581] INFO in ziplime_grpc_data_source.grpc_data_source: {"total_duration": 2.202194929122925, "requests_duration": 2.1886231899261475, "event": "Retrieved 15 candles for UKUZ@MISX in 2.20s. Total requests time: 2.19s", "logger": "ziplime_grpc_data_source.grpc_data_source", "level": "info", "timestamp": "2026-03-11T13:55:07.581292Z", "func_name": "fetch_historical_lime_trader_data", "filename": "grpc_data_source.py", "lineno": 140}
[2026-03-11 18:55:07,582] INFO in ziplime_grpc_data_source.grpc_data_source: {"symbol": "UGLD@MISX", "start_date": "datetime.datetime(2025, 9, 1, 0, 0, tzinfo=zoneinfo.ZoneInfo(key='Europe/Moscow'))", "end_date": "datetime.datetime(2025, 9, 18, 0, 0, tzinfo=zoneinfo.ZoneInfo(key='Europe/Moscow'))", "duration": 2.2034690380096436, "event": "Fetched market data for symbol UGLD@MISX - 2025-09-01 00:00:00+03:00 to 2025-09-18 00:00:00+03:00 in 2.20", "logger": "ziplime_grpc_data_source.grpc_data_source", "level": "info", "timestamp": "2026-03-11T13:55:07.582646Z", "func_name": "fetch_historical_lime_trader_data", "filename": "grpc_data_source.py", "lineno": 125}
[2026-03-11 18:55:07,583] INFO in ziplime_grpc_data_source.grpc_data_source: {"total_duration": 2.2043190002441406, "requests_duration": 2.2034690380096436, "event": "Retrieved 18 candles for UGLD@MISX in 2.20s. Total requests time: 2.20s", "logger": "ziplime_grpc_data_source.grpc_data_source", "level": "info", "timestamp": "2026-03-11T13:55:07.583235Z", "func_name": "fetch_historical_lime_trader_data", "filename": "grpc_data_source.py", "lineno": 140}
[2026-03-11 18:55:07,829] INFO in ziplime_grpc_data_source.grpc_data_source: {"symbol": "SBER@MISX", "start_date": "datetime.datetime(2025, 9, 1, 0, 0, tzinfo=zoneinfo.ZoneInfo(key='Europe/Moscow'))", "end_date": "datetime.datetime(2025, 9, 18, 0, 0, tzinfo=zoneinfo.ZoneInfo(key='Europe/Moscow'))", "duration": 2.4504082202911377, "event": "Fetched market data for symbol SBER@MISX - 2025-09-01 00:00:00+03:00 to 2025-09-18 00:00:00+03:00 in 2.45", "logger": "ziplime_grpc_data_source.grpc_data_source", "level": "info", "timestamp": "2026-03-11T13:55:07.829674Z", "func_name": "fetch_historical_lime_trader_data", "filename": "grpc_data_source.py", "lineno": 125}
[2026-03-11 18:55:07,830] INFO in ziplime_grpc_data_source.grpc_data_source: {"total_duration": 2.451857805252075, "requests_duration": 2.4504082202911377, "event": "Retrieved 18 candles for SBER@MISX in 2.45s. Total requests time: 2.45s", "logger": "ziplime_grpc_data_source.grpc_data_source", "level": "info", "timestamp": "2026-03-11T13:55:07.830538Z", "func_name": "fetch_historical_lime_trader_data", "filename": "grpc_data_source.py", "lineno": 140}
[2026-03-11 18:55:07,831] INFO in ziplime_grpc_data_source.grpc_data_source: {"symbol": "WUSH@MISX", "start_date": "datetime.datetime(2025, 9, 1, 0, 0, tzinfo=zoneinfo.ZoneInfo(key='Europe/Moscow'))", "end_date": "datetime.datetime(2025, 9, 18, 0, 0, tzinfo=zoneinfo.ZoneInfo(key='Europe/Moscow'))", "duration": 2.4516780376434326, "event": "Fetched market data for symbol WUSH@MISX - 2025-09-01 00:00:00+03:00 to 2025-09-18 00:00:00+03:00 in 2.45", "logger": "ziplime_grpc_data_source.grpc_data_source", "level": "info", "timestamp": "2026-03-11T13:55:07.831112Z", "func_name": "fetch_historical_lime_trader_data", "filename": "grpc_data_source.py", "lineno": 125}
[2026-03-11 18:55:07,831] INFO in ziplime_grpc_data_source.grpc_data_source: {"total_duration": 2.452313184738159, "requests_duration": 2.4516780376434326, "event": "Retrieved 18 candles for WUSH@MISX in 2.45s. Total requests time: 2.45s", "logger": "ziplime_grpc_data_source.grpc_data_source", "level": "info", "timestamp": "2026-03-11T13:55:07.831480Z", "func_name": "fetch_historical_lime_trader_data", "filename": "grpc_data_source.py", "lineno": 140}
[2026-03-11 18:55:07,842] INFO in ziplime_grpc_data_source.grpc_data_source: {"total_duration": 9.3106849193573, "requests_duration": 9.294178485870361, "event": "Retrieved 69 candles for ['SBER@MISX', 'UGLD@MISX', 'UKUZ@MISX', 'WUSH@MISX'] in 9.31s. Total requests time: 9.29s", "logger": "ziplime_grpc_data_source.grpc_data_source", "level": "info", "timestamp": "2026-03-11T13:55:07.842515Z", "func_name": "get_data", "filename": "grpc_data_source.py", "lineno": 217}
[2026-03-11 18:55:07,955] INFO in ziplime.data.services.bundle_service: {"duration": 2.580197334289551, "event": "Finished ingesting market data bundle_name=grpc_daily_data, bundle_version=1773237305.Total duration: 2.58 seconds", "logger": "ziplime.data.services.bundle_service", "level": "info", "timestamp": "2026-03-11T13:55:07.955006Z", "func_name": "ingest_market_data_bundle", "filename": "bundle_service.py", "lineno": 403}
[2026-03-11 18:55:45,694] INFO in alembic.runtime.migration: Context impl SQLiteImpl.
[2026-03-11 18:55:45,694] INFO in alembic.runtime.migration: Will assume non-transactional DDL.
[2026-03-11 18:55:45,707] INFO in ziplime.data.services.bundle_service: {"event": "Loading bundle: bundle_name=grpc_daily_data, bundle_version=None", "logger": "ziplime.data.services.bundle_service", "level": "info", "timestamp": "2026-03-11T13:55:45.707374Z", "func_name": "load_bundle", "lineno": 460, "filename": "bundle_service.py"}
[2026-03-11 18:55:45,784] INFO in ziplime.data.services.bundle_service: {"event": "Loaded bundle metadata in 0.07717609405517578 seconds", "logger": "ziplime.data.services.bundle_service", "level": "info", "timestamp": "2026-03-11T13:55:45.784686Z", "func_name": "load_bundle", "lineno": 471, "filename": "bundle_service.py"}
[2026-03-11 18:55:46,192] INFO in ziplime.data.services.file_system_parquet_bundle_storage: {"event": "Loading data bundle grpc_daily_data start_date=2025-09-01 00:00:00+03:00, end_date=2025-09-18 00:00:00+03:00, version=1773237305, frequency=1 day, 0:00:00", "logger": "ziplime.data.services.file_system_parquet_bundle_storage", "level": "info", "timestamp": "2026-03-11T13:55:46.192053Z", "func_name": "load_data_bundle", "lineno": 70, "filename": "file_system_parquet_bundle_storage.py"}
[2026-03-11 18:55:46,221] INFO in ziplime.data.services.bundle_service: {"duration": 0.028940916061401367, "event": "Loaded data bundle in 0.03 seconds", "logger": "ziplime.data.services.bundle_service", "level": "info", "timestamp": "2026-03-11T13:55:46.221500Z", "func_name": "load_bundle", "lineno": 537, "filename": "bundle_service.py"}
[2026-03-11 19:33:43,760] INFO in alembic.runtime.migration: Context impl SQLiteImpl.
[2026-03-11 19:33:43,760] INFO in alembic.runtime.migration: Will assume non-transactional DDL.
[2026-03-11 19:33:46,313] INFO in ziplime.data.services.bundle_service: {"event": "Ingesting market data bundle: name=grpc_daily_data, date_start=2023-09-01 00:00:00+03:00, date_end=2025-09-18 00:00:00+03:00, symbols=['SBER@MISX', 'UGLD@MISX', 'UKUZ@MISX', 'WUSH@MISX'], frequency=1 day, 0:00:00", "logger": "ziplime.data.services.bundle_service", "level": "info", "timestamp": "2026-03-11T14:33:46.313918Z", "func_name": "ingest_market_data_bundle", "filename": "bundle_service.py", "lineno": 297}
[2026-03-11 19:33:46,315] INFO in ziplime_grpc_data_source.grpc_data_source: {"symbol": "SBER@MISX", "start_date": "datetime.datetime(2023, 9, 1, 0, 0, tzinfo=zoneinfo.ZoneInfo(key='Europe/Moscow'))", "end_date": "datetime.datetime(2025, 9, 18, 0, 0, tzinfo=zoneinfo.ZoneInfo(key='Europe/Moscow'))", "event": "Fetching market data for symbol SBER@MISX - 2023-09-01 00:00:00+03:00 to 2025-09-18 00:00:00+03:00", "logger": "ziplime_grpc_data_source.grpc_data_source", "level": "info", "timestamp": "2026-03-11T14:33:46.315337Z", "func_name": "fetch_historical_lime_trader_data", "filename": "grpc_data_source.py", "lineno": 101}
[2026-03-11 19:33:46,315] INFO in ziplime_grpc_data_source.grpc_data_source: {"symbol": "UGLD@MISX", "start_date": "datetime.datetime(2023, 9, 1, 0, 0, tzinfo=zoneinfo.ZoneInfo(key='Europe/Moscow'))", "end_date": "datetime.datetime(2025, 9, 18, 0, 0, tzinfo=zoneinfo.ZoneInfo(key='Europe/Moscow'))", "event": "Fetching market data for symbol UGLD@MISX - 2023-09-01 00:00:00+03:00 to 2025-09-18 00:00:00+03:00", "logger": "ziplime_grpc_data_source.grpc_data_source", "level": "info", "timestamp": "2026-03-11T14:33:46.315530Z", "func_name": "fetch_historical_lime_trader_data", "filename": "grpc_data_source.py", "lineno": 101}
[2026-03-11 19:33:46,315] INFO in ziplime_grpc_data_source.grpc_data_source: {"symbol": "UKUZ@MISX", "start_date": "datetime.datetime(2023, 9, 1, 0, 0, tzinfo=zoneinfo.ZoneInfo(key='Europe/Moscow'))", "end_date": "datetime.datetime(2025, 9, 18, 0, 0, tzinfo=zoneinfo.ZoneInfo(key='Europe/Moscow'))", "event": "Fetching market data for symbol UKUZ@MISX - 2023-09-01 00:00:00+03:00 to 2025-09-18 00:00:00+03:00", "logger": "ziplime_grpc_data_source.grpc_data_source", "level": "info", "timestamp": "2026-03-11T14:33:46.315636Z", "func_name": "fetch_historical_lime_trader_data", "filename": "grpc_data_source.py", "lineno": 101}
[2026-03-11 19:33:46,315] INFO in ziplime_grpc_data_source.grpc_data_source: {"symbol": "WUSH@MISX", "start_date": "datetime.datetime(2023, 9, 1, 0, 0, tzinfo=zoneinfo.ZoneInfo(key='Europe/Moscow'))", "end_date": "datetime.datetime(2025, 9, 18, 0, 0, tzinfo=zoneinfo.ZoneInfo(key='Europe/Moscow'))", "event": "Fetching market data for symbol WUSH@MISX - 2023-09-01 00:00:00+03:00 to 2025-09-18 00:00:00+03:00", "logger": "ziplime_grpc_data_source.grpc_data_source", "level": "info", "timestamp": "2026-03-11T14:33:46.315804Z", "func_name": "fetch_historical_lime_trader_data", "filename": "grpc_data_source.py", "lineno": 101}
[2026-03-11 19:33:48,939] ERROR in ziplime_grpc_data_source.grpc_data_source: {"event": "Exception fetching historical data for symbol SBER@MISX, date_from=2023-09-01 00:00:00+03:00, date_to=2025-09-18 00:00:00+03:00. Skipping.", "logger": "ziplime_grpc_data_source.grpc_data_source", "level": "error", "timestamp": "2026-03-11T14:33:48.936000Z", "exception": "Traceback (most recent call last):\n  File \"/Users/vyacheslav/Downloads/ziplime-grpc-data-source-main 5/ziplime_grpc_data_source/grpc_data_source.py\", line 163, in fetch_historical\n    result, duration, requests_time = await self.fetch_historical_lime_trader_data(channel=channel,\n                                      ^^^^^^^^^^^^^^^^^^^^^^^^^^^^^^^^^^^^^^^^^^^^^^^^^^^^^^^^^^^^^\n  File \"/Users/vyacheslav/Downloads/ziplime-grpc-data-source-main 5/ziplime_grpc_data_source/grpc_data_source.py\", line 105, in fetch_historical_lime_trader_data\n    response = await stub.Bars(bars_request, metadata=metadata)\n               ^^^^^^^^^^^^^^^^^^^^^^^^^^^^^^^^^^^^^^^^^^^^^^^^\n  File \"/Users/vyacheslav/Library/Caches/pypoetry/virtualenvs/ziplime-grpc-data-source-vGyp3ClS-py3.12/lib/python3.12/site-packages/grpc/aio/_call.py\", line 327, in __await__\n    raise _create_rpc_error(\ngrpc.aio._call.AioRpcError: <AioRpcError of RPC that terminated with:\n\tstatus = StatusCode.INVALID_ARGUMENT\n\tdetails = \"INVALID_ARGUMENT: Invalid date range\"\n\tdebug_error_string = \"UNKNOWN:Error received from peer  {grpc_message:\"INVALID_ARGUMENT: Invalid date range\", grpc_status:3}\"\n>", "func_name": "fetch_historical", "filename": "grpc_data_source.py", "lineno": 170}
Traceback (most recent call last):
  File "/Users/vyacheslav/Downloads/ziplime-grpc-data-source-main 5/ziplime_grpc_data_source/grpc_data_source.py", line 163, in fetch_historical
    result, duration, requests_time = await self.fetch_historical_lime_trader_data(channel=channel,
                                      ^^^^^^^^^^^^^^^^^^^^^^^^^^^^^^^^^^^^^^^^^^^^^^^^^^^^^^^^^^^^^
  File "/Users/vyacheslav/Downloads/ziplime-grpc-data-source-main 5/ziplime_grpc_data_source/grpc_data_source.py", line 105, in fetch_historical_lime_trader_data
    response = await stub.Bars(bars_request, metadata=metadata)
               ^^^^^^^^^^^^^^^^^^^^^^^^^^^^^^^^^^^^^^^^^^^^^^^^
  File "/Users/vyacheslav/Library/Caches/pypoetry/virtualenvs/ziplime-grpc-data-source-vGyp3ClS-py3.12/lib/python3.12/site-packages/grpc/aio/_call.py", line 327, in __await__
    raise _create_rpc_error(
grpc.aio._call.AioRpcError: <AioRpcError of RPC that terminated with:
	status = StatusCode.INVALID_ARGUMENT
	details = "INVALID_ARGUMENT: Invalid date range"
	debug_error_string = "UNKNOWN:Error received from peer  {grpc_message:"INVALID_ARGUMENT: Invalid date range", grpc_status:3}"
>
[2026-03-11 19:33:48,941] ERROR in ziplime_grpc_data_source.grpc_data_source: {"event": "Exception fetching historical data for symbol UKUZ@MISX, date_from=2023-09-01 00:00:00+03:00, date_to=2025-09-18 00:00:00+03:00. Skipping.", "logger": "ziplime_grpc_data_source.grpc_data_source", "level": "error", "timestamp": "2026-03-11T14:33:48.940849Z", "exception": "Traceback (most recent call last):\n  File \"/Users/vyacheslav/Downloads/ziplime-grpc-data-source-main 5/ziplime_grpc_data_source/grpc_data_source.py\", line 163, in fetch_historical\n    result, duration, requests_time = await self.fetch_historical_lime_trader_data(channel=channel,\n                                      ^^^^^^^^^^^^^^^^^^^^^^^^^^^^^^^^^^^^^^^^^^^^^^^^^^^^^^^^^^^^^\n  File \"/Users/vyacheslav/Downloads/ziplime-grpc-data-source-main 5/ziplime_grpc_data_source/grpc_data_source.py\", line 105, in fetch_historical_lime_trader_data\n    response = await stub.Bars(bars_request, metadata=metadata)\n               ^^^^^^^^^^^^^^^^^^^^^^^^^^^^^^^^^^^^^^^^^^^^^^^^\n  File \"/Users/vyacheslav/Library/Caches/pypoetry/virtualenvs/ziplime-grpc-data-source-vGyp3ClS-py3.12/lib/python3.12/site-packages/grpc/aio/_call.py\", line 327, in __await__\n    raise _create_rpc_error(\ngrpc.aio._call.AioRpcError: <AioRpcError of RPC that terminated with:\n\tstatus = StatusCode.INVALID_ARGUMENT\n\tdetails = \"INVALID_ARGUMENT: Invalid date range\"\n\tdebug_error_string = \"UNKNOWN:Error received from peer  {grpc_message:\"INVALID_ARGUMENT: Invalid date range\", grpc_status:3}\"\n>", "func_name": "fetch_historical", "filename": "grpc_data_source.py", "lineno": 170}
Traceback (most recent call last):
  File "/Users/vyacheslav/Downloads/ziplime-grpc-data-source-main 5/ziplime_grpc_data_source/grpc_data_source.py", line 163, in fetch_historical
    result, duration, requests_time = await self.fetch_historical_lime_trader_data(channel=channel,
                                      ^^^^^^^^^^^^^^^^^^^^^^^^^^^^^^^^^^^^^^^^^^^^^^^^^^^^^^^^^^^^^
  File "/Users/vyacheslav/Downloads/ziplime-grpc-data-source-main 5/ziplime_grpc_data_source/grpc_data_source.py", line 105, in fetch_historical_lime_trader_data
    response = await stub.Bars(bars_request, metadata=metadata)
               ^^^^^^^^^^^^^^^^^^^^^^^^^^^^^^^^^^^^^^^^^^^^^^^^
  File "/Users/vyacheslav/Library/Caches/pypoetry/virtualenvs/ziplime-grpc-data-source-vGyp3ClS-py3.12/lib/python3.12/site-packages/grpc/aio/_call.py", line 327, in __await__
    raise _create_rpc_error(
grpc.aio._call.AioRpcError: <AioRpcError of RPC that terminated with:
	status = StatusCode.INVALID_ARGUMENT
	details = "INVALID_ARGUMENT: Invalid date range"
	debug_error_string = "UNKNOWN:Error received from peer  {grpc_message:"INVALID_ARGUMENT: Invalid date range", grpc_status:3}"
>
[2026-03-11 19:33:48,942] ERROR in ziplime_grpc_data_source.grpc_data_source: {"event": "Exception fetching historical data for symbol WUSH@MISX, date_from=2023-09-01 00:00:00+03:00, date_to=2025-09-18 00:00:00+03:00. Skipping.", "logger": "ziplime_grpc_data_source.grpc_data_source", "level": "error", "timestamp": "2026-03-11T14:33:48.942213Z", "exception": "Traceback (most recent call last):\n  File \"/Users/vyacheslav/Downloads/ziplime-grpc-data-source-main 5/ziplime_grpc_data_source/grpc_data_source.py\", line 163, in fetch_historical\n    result, duration, requests_time = await self.fetch_historical_lime_trader_data(channel=channel,\n                                      ^^^^^^^^^^^^^^^^^^^^^^^^^^^^^^^^^^^^^^^^^^^^^^^^^^^^^^^^^^^^^\n  File \"/Users/vyacheslav/Downloads/ziplime-grpc-data-source-main 5/ziplime_grpc_data_source/grpc_data_source.py\", line 105, in fetch_historical_lime_trader_data\n    response = await stub.Bars(bars_request, metadata=metadata)\n               ^^^^^^^^^^^^^^^^^^^^^^^^^^^^^^^^^^^^^^^^^^^^^^^^\n  File \"/Users/vyacheslav/Library/Caches/pypoetry/virtualenvs/ziplime-grpc-data-source-vGyp3ClS-py3.12/lib/python3.12/site-packages/grpc/aio/_call.py\", line 327, in __await__\n    raise _create_rpc_error(\ngrpc.aio._call.AioRpcError: <AioRpcError of RPC that terminated with:\n\tstatus = StatusCode.INVALID_ARGUMENT\n\tdetails = \"INVALID_ARGUMENT: Invalid date range\"\n\tdebug_error_string = \"UNKNOWN:Error received from peer  {grpc_message:\"INVALID_ARGUMENT: Invalid date range\", grpc_status:3}\"\n>", "func_name": "fetch_historical", "filename": "grpc_data_source.py", "lineno": 170}
Traceback (most recent call last):
  File "/Users/vyacheslav/Downloads/ziplime-grpc-data-source-main 5/ziplime_grpc_data_source/grpc_data_source.py", line 163, in fetch_historical
    result, duration, requests_time = await self.fetch_historical_lime_trader_data(channel=channel,
                                      ^^^^^^^^^^^^^^^^^^^^^^^^^^^^^^^^^^^^^^^^^^^^^^^^^^^^^^^^^^^^^
  File "/Users/vyacheslav/Downloads/ziplime-grpc-data-source-main 5/ziplime_grpc_data_source/grpc_data_source.py", line 105, in fetch_historical_lime_trader_data
    response = await stub.Bars(bars_request, metadata=metadata)
               ^^^^^^^^^^^^^^^^^^^^^^^^^^^^^^^^^^^^^^^^^^^^^^^^
  File "/Users/vyacheslav/Library/Caches/pypoetry/virtualenvs/ziplime-grpc-data-source-vGyp3ClS-py3.12/lib/python3.12/site-packages/grpc/aio/_call.py", line 327, in __await__
    raise _create_rpc_error(
grpc.aio._call.AioRpcError: <AioRpcError of RPC that terminated with:
	status = StatusCode.INVALID_ARGUMENT
	details = "INVALID_ARGUMENT: Invalid date range"
	debug_error_string = "UNKNOWN:Error received from peer  {grpc_message:"INVALID_ARGUMENT: Invalid date range", grpc_status:3}"
>
[2026-03-11 19:33:48,943] ERROR in ziplime_grpc_data_source.grpc_data_source: {"event": "Exception fetching historical data for symbol UGLD@MISX, date_from=2023-09-01 00:00:00+03:00, date_to=2025-09-18 00:00:00+03:00. Skipping.", "logger": "ziplime_grpc_data_source.grpc_data_source", "level": "error", "timestamp": "2026-03-11T14:33:48.943185Z", "exception": "Traceback (most recent call last):\n  File \"/Users/vyacheslav/Downloads/ziplime-grpc-data-source-main 5/ziplime_grpc_data_source/grpc_data_source.py\", line 163, in fetch_historical\n    result, duration, requests_time = await self.fetch_historical_lime_trader_data(channel=channel,\n                                      ^^^^^^^^^^^^^^^^^^^^^^^^^^^^^^^^^^^^^^^^^^^^^^^^^^^^^^^^^^^^^\n  File \"/Users/vyacheslav/Downloads/ziplime-grpc-data-source-main 5/ziplime_grpc_data_source/grpc_data_source.py\", line 105, in fetch_historical_lime_trader_data\n    response = await stub.Bars(bars_request, metadata=metadata)\n               ^^^^^^^^^^^^^^^^^^^^^^^^^^^^^^^^^^^^^^^^^^^^^^^^\n  File \"/Users/vyacheslav/Library/Caches/pypoetry/virtualenvs/ziplime-grpc-data-source-vGyp3ClS-py3.12/lib/python3.12/site-packages/grpc/aio/_call.py\", line 327, in __await__\n    raise _create_rpc_error(\ngrpc.aio._call.AioRpcError: <AioRpcError of RPC that terminated with:\n\tstatus = StatusCode.INVALID_ARGUMENT\n\tdetails = \"INVALID_ARGUMENT: Invalid date range\"\n\tdebug_error_string = \"UNKNOWN:Error received from peer  {grpc_status:3, grpc_message:\"INVALID_ARGUMENT: Invalid date range\"}\"\n>", "func_name": "fetch_historical", "filename": "grpc_data_source.py", "lineno": 170}
Traceback (most recent call last):
  File "/Users/vyacheslav/Downloads/ziplime-grpc-data-source-main 5/ziplime_grpc_data_source/grpc_data_source.py", line 163, in fetch_historical
    result, duration, requests_time = await self.fetch_historical_lime_trader_data(channel=channel,
                                      ^^^^^^^^^^^^^^^^^^^^^^^^^^^^^^^^^^^^^^^^^^^^^^^^^^^^^^^^^^^^^
  File "/Users/vyacheslav/Downloads/ziplime-grpc-data-source-main 5/ziplime_grpc_data_source/grpc_data_source.py", line 105, in fetch_historical_lime_trader_data
    response = await stub.Bars(bars_request, metadata=metadata)
               ^^^^^^^^^^^^^^^^^^^^^^^^^^^^^^^^^^^^^^^^^^^^^^^^
  File "/Users/vyacheslav/Library/Caches/pypoetry/virtualenvs/ziplime-grpc-data-source-vGyp3ClS-py3.12/lib/python3.12/site-packages/grpc/aio/_call.py", line 327, in __await__
    raise _create_rpc_error(
grpc.aio._call.AioRpcError: <AioRpcError of RPC that terminated with:
	status = StatusCode.INVALID_ARGUMENT
	details = "INVALID_ARGUMENT: Invalid date range"
	debug_error_string = "UNKNOWN:Error received from peer  {grpc_status:3, grpc_message:"INVALID_ARGUMENT: Invalid date range"}"
>
[2026-03-11 19:33:48,944] INFO in ziplime_grpc_data_source.grpc_data_source: {"total_duration": 0, "requests_duration": 0, "event": "Retrieved 0 candles for ['SBER@MISX', 'UGLD@MISX', 'UKUZ@MISX', 'WUSH@MISX'] in 0.00s. Total requests time: 0.00s", "logger": "ziplime_grpc_data_source.grpc_data_source", "level": "info", "timestamp": "2026-03-11T14:33:48.944661Z", "func_name": "get_data", "filename": "grpc_data_source.py", "lineno": 217}
[2026-03-11 19:33:48,945] WARNING in ziplime.data.services.bundle_service: {"event": "No data for symbols=['SBER@MISX', 'UGLD@MISX', 'UKUZ@MISX', 'WUSH@MISX'], frequency=1 day, 0:00:00, date_from=2023-09-01 00:00:00+03:00, date_end=2025-09-18 00:00:00+03:00 found. Skipping ingestion.", "logger": "ziplime.data.services.bundle_service", "level": "warning", "timestamp": "2026-03-11T14:33:48.944952Z", "func_name": "ingest_market_data_bundle", "filename": "bundle_service.py", "lineno": 320}
[2026-03-11 19:34:14,606] INFO in alembic.runtime.migration: Context impl SQLiteImpl.
[2026-03-11 19:34:14,606] INFO in alembic.runtime.migration: Will assume non-transactional DDL.
[2026-03-11 19:34:17,240] INFO in ziplime.data.services.bundle_service: {"event": "Ingesting market data bundle: name=grpc_daily_data, date_start=2023-09-01 00:00:00+03:00, date_end=2025-09-18 00:00:00+03:00, symbols=['SBER@MISX', 'UGLD@MISX', 'UKUZ@MISX', 'WUSH@MISX'], frequency=1 day, 0:00:00", "logger": "ziplime.data.services.bundle_service", "level": "info", "timestamp": "2026-03-11T14:34:17.240026Z", "func_name": "ingest_market_data_bundle", "lineno": 297, "filename": "bundle_service.py"}
[2026-03-11 19:34:17,241] INFO in ziplime_grpc_data_source.grpc_data_source: {"symbol": "SBER@MISX", "start_date": "datetime.datetime(2023, 9, 1, 0, 0, tzinfo=zoneinfo.ZoneInfo(key='Europe/Moscow'))", "end_date": "datetime.datetime(2025, 9, 18, 0, 0, tzinfo=zoneinfo.ZoneInfo(key='Europe/Moscow'))", "event": "Fetching market data for symbol SBER@MISX - 2023-09-01 00:00:00+03:00 to 2025-09-18 00:00:00+03:00", "logger": "ziplime_grpc_data_source.grpc_data_source", "level": "info", "timestamp": "2026-03-11T14:34:17.241118Z", "func_name": "fetch_historical_lime_trader_data", "lineno": 101, "filename": "grpc_data_source.py"}
[2026-03-11 19:34:17,241] INFO in ziplime_grpc_data_source.grpc_data_source: {"symbol": "UGLD@MISX", "start_date": "datetime.datetime(2023, 9, 1, 0, 0, tzinfo=zoneinfo.ZoneInfo(key='Europe/Moscow'))", "end_date": "datetime.datetime(2025, 9, 18, 0, 0, tzinfo=zoneinfo.ZoneInfo(key='Europe/Moscow'))", "event": "Fetching market data for symbol UGLD@MISX - 2023-09-01 00:00:00+03:00 to 2025-09-18 00:00:00+03:00", "logger": "ziplime_grpc_data_source.grpc_data_source", "level": "info", "timestamp": "2026-03-11T14:34:17.241301Z", "func_name": "fetch_historical_lime_trader_data", "lineno": 101, "filename": "grpc_data_source.py"}
[2026-03-11 19:34:17,241] INFO in ziplime_grpc_data_source.grpc_data_source: {"symbol": "UKUZ@MISX", "start_date": "datetime.datetime(2023, 9, 1, 0, 0, tzinfo=zoneinfo.ZoneInfo(key='Europe/Moscow'))", "end_date": "datetime.datetime(2025, 9, 18, 0, 0, tzinfo=zoneinfo.ZoneInfo(key='Europe/Moscow'))", "event": "Fetching market data for symbol UKUZ@MISX - 2023-09-01 00:00:00+03:00 to 2025-09-18 00:00:00+03:00", "logger": "ziplime_grpc_data_source.grpc_data_source", "level": "info", "timestamp": "2026-03-11T14:34:17.241410Z", "func_name": "fetch_historical_lime_trader_data", "lineno": 101, "filename": "grpc_data_source.py"}
[2026-03-11 19:34:17,241] INFO in ziplime_grpc_data_source.grpc_data_source: {"symbol": "WUSH@MISX", "start_date": "datetime.datetime(2023, 9, 1, 0, 0, tzinfo=zoneinfo.ZoneInfo(key='Europe/Moscow'))", "end_date": "datetime.datetime(2025, 9, 18, 0, 0, tzinfo=zoneinfo.ZoneInfo(key='Europe/Moscow'))", "event": "Fetching market data for symbol WUSH@MISX - 2023-09-01 00:00:00+03:00 to 2025-09-18 00:00:00+03:00", "logger": "ziplime_grpc_data_source.grpc_data_source", "level": "info", "timestamp": "2026-03-11T14:34:17.241601Z", "func_name": "fetch_historical_lime_trader_data", "lineno": 101, "filename": "grpc_data_source.py"}
[2026-03-11 19:34:20,256] ERROR in ziplime_grpc_data_source.grpc_data_source: {"event": "Exception fetching historical data for symbol WUSH@MISX, date_from=2023-09-01 00:00:00+03:00, date_to=2025-09-18 00:00:00+03:00. Skipping.", "logger": "ziplime_grpc_data_source.grpc_data_source", "level": "error", "timestamp": "2026-03-11T14:34:20.254742Z", "exception": "Traceback (most recent call last):\n  File \"/Users/vyacheslav/Downloads/ziplime-grpc-data-source-main 5/ziplime_grpc_data_source/grpc_data_source.py\", line 163, in fetch_historical\n    result, duration, requests_time = await self.fetch_historical_lime_trader_data(channel=channel,\n                                      ^^^^^^^^^^^^^^^^^^^^^^^^^^^^^^^^^^^^^^^^^^^^^^^^^^^^^^^^^^^^^\n  File \"/Users/vyacheslav/Downloads/ziplime-grpc-data-source-main 5/ziplime_grpc_data_source/grpc_data_source.py\", line 105, in fetch_historical_lime_trader_data\n    response = await stub.Bars(bars_request, metadata=metadata)\n               ^^^^^^^^^^^^^^^^^^^^^^^^^^^^^^^^^^^^^^^^^^^^^^^^\n  File \"/Users/vyacheslav/Library/Caches/pypoetry/virtualenvs/ziplime-grpc-data-source-vGyp3ClS-py3.12/lib/python3.12/site-packages/grpc/aio/_call.py\", line 327, in __await__\n    raise _create_rpc_error(\ngrpc.aio._call.AioRpcError: <AioRpcError of RPC that terminated with:\n\tstatus = StatusCode.INVALID_ARGUMENT\n\tdetails = \"INVALID_ARGUMENT: Invalid date range\"\n\tdebug_error_string = \"UNKNOWN:Error received from peer  {grpc_status:3, grpc_message:\"INVALID_ARGUMENT: Invalid date range\"}\"\n>", "func_name": "fetch_historical", "lineno": 170, "filename": "grpc_data_source.py"}
Traceback (most recent call last):
  File "/Users/vyacheslav/Downloads/ziplime-grpc-data-source-main 5/ziplime_grpc_data_source/grpc_data_source.py", line 163, in fetch_historical
    result, duration, requests_time = await self.fetch_historical_lime_trader_data(channel=channel,
                                      ^^^^^^^^^^^^^^^^^^^^^^^^^^^^^^^^^^^^^^^^^^^^^^^^^^^^^^^^^^^^^
  File "/Users/vyacheslav/Downloads/ziplime-grpc-data-source-main 5/ziplime_grpc_data_source/grpc_data_source.py", line 105, in fetch_historical_lime_trader_data
    response = await stub.Bars(bars_request, metadata=metadata)
               ^^^^^^^^^^^^^^^^^^^^^^^^^^^^^^^^^^^^^^^^^^^^^^^^
  File "/Users/vyacheslav/Library/Caches/pypoetry/virtualenvs/ziplime-grpc-data-source-vGyp3ClS-py3.12/lib/python3.12/site-packages/grpc/aio/_call.py", line 327, in __await__
    raise _create_rpc_error(
grpc.aio._call.AioRpcError: <AioRpcError of RPC that terminated with:
	status = StatusCode.INVALID_ARGUMENT
	details = "INVALID_ARGUMENT: Invalid date range"
	debug_error_string = "UNKNOWN:Error received from peer  {grpc_status:3, grpc_message:"INVALID_ARGUMENT: Invalid date range"}"
>
[2026-03-11 19:34:20,257] ERROR in ziplime_grpc_data_source.grpc_data_source: {"event": "Exception fetching historical data for symbol UGLD@MISX, date_from=2023-09-01 00:00:00+03:00, date_to=2025-09-18 00:00:00+03:00. Skipping.", "logger": "ziplime_grpc_data_source.grpc_data_source", "level": "error", "timestamp": "2026-03-11T14:34:20.256944Z", "exception": "Traceback (most recent call last):\n  File \"/Users/vyacheslav/Downloads/ziplime-grpc-data-source-main 5/ziplime_grpc_data_source/grpc_data_source.py\", line 163, in fetch_historical\n    result, duration, requests_time = await self.fetch_historical_lime_trader_data(channel=channel,\n                                      ^^^^^^^^^^^^^^^^^^^^^^^^^^^^^^^^^^^^^^^^^^^^^^^^^^^^^^^^^^^^^\n  File \"/Users/vyacheslav/Downloads/ziplime-grpc-data-source-main 5/ziplime_grpc_data_source/grpc_data_source.py\", line 105, in fetch_historical_lime_trader_data\n    response = await stub.Bars(bars_request, metadata=metadata)\n               ^^^^^^^^^^^^^^^^^^^^^^^^^^^^^^^^^^^^^^^^^^^^^^^^\n  File \"/Users/vyacheslav/Library/Caches/pypoetry/virtualenvs/ziplime-grpc-data-source-vGyp3ClS-py3.12/lib/python3.12/site-packages/grpc/aio/_call.py\", line 327, in __await__\n    raise _create_rpc_error(\ngrpc.aio._call.AioRpcError: <AioRpcError of RPC that terminated with:\n\tstatus = StatusCode.INVALID_ARGUMENT\n\tdetails = \"INVALID_ARGUMENT: Invalid date range\"\n\tdebug_error_string = \"UNKNOWN:Error received from peer  {grpc_status:3, grpc_message:\"INVALID_ARGUMENT: Invalid date range\"}\"\n>", "func_name": "fetch_historical", "lineno": 170, "filename": "grpc_data_source.py"}
Traceback (most recent call last):
  File "/Users/vyacheslav/Downloads/ziplime-grpc-data-source-main 5/ziplime_grpc_data_source/grpc_data_source.py", line 163, in fetch_historical
    result, duration, requests_time = await self.fetch_historical_lime_trader_data(channel=channel,
                                      ^^^^^^^^^^^^^^^^^^^^^^^^^^^^^^^^^^^^^^^^^^^^^^^^^^^^^^^^^^^^^
  File "/Users/vyacheslav/Downloads/ziplime-grpc-data-source-main 5/ziplime_grpc_data_source/grpc_data_source.py", line 105, in fetch_historical_lime_trader_data
    response = await stub.Bars(bars_request, metadata=metadata)
               ^^^^^^^^^^^^^^^^^^^^^^^^^^^^^^^^^^^^^^^^^^^^^^^^
  File "/Users/vyacheslav/Library/Caches/pypoetry/virtualenvs/ziplime-grpc-data-source-vGyp3ClS-py3.12/lib/python3.12/site-packages/grpc/aio/_call.py", line 327, in __await__
    raise _create_rpc_error(
grpc.aio._call.AioRpcError: <AioRpcError of RPC that terminated with:
	status = StatusCode.INVALID_ARGUMENT
	details = "INVALID_ARGUMENT: Invalid date range"
	debug_error_string = "UNKNOWN:Error received from peer  {grpc_status:3, grpc_message:"INVALID_ARGUMENT: Invalid date range"}"
>
[2026-03-11 19:34:20,258] ERROR in ziplime_grpc_data_source.grpc_data_source: {"event": "Exception fetching historical data for symbol UKUZ@MISX, date_from=2023-09-01 00:00:00+03:00, date_to=2025-09-18 00:00:00+03:00. Skipping.", "logger": "ziplime_grpc_data_source.grpc_data_source", "level": "error", "timestamp": "2026-03-11T14:34:20.257967Z", "exception": "Traceback (most recent call last):\n  File \"/Users/vyacheslav/Downloads/ziplime-grpc-data-source-main 5/ziplime_grpc_data_source/grpc_data_source.py\", line 163, in fetch_historical\n    result, duration, requests_time = await self.fetch_historical_lime_trader_data(channel=channel,\n                                      ^^^^^^^^^^^^^^^^^^^^^^^^^^^^^^^^^^^^^^^^^^^^^^^^^^^^^^^^^^^^^\n  File \"/Users/vyacheslav/Downloads/ziplime-grpc-data-source-main 5/ziplime_grpc_data_source/grpc_data_source.py\", line 105, in fetch_historical_lime_trader_data\n    response = await stub.Bars(bars_request, metadata=metadata)\n               ^^^^^^^^^^^^^^^^^^^^^^^^^^^^^^^^^^^^^^^^^^^^^^^^\n  File \"/Users/vyacheslav/Library/Caches/pypoetry/virtualenvs/ziplime-grpc-data-source-vGyp3ClS-py3.12/lib/python3.12/site-packages/grpc/aio/_call.py\", line 327, in __await__\n    raise _create_rpc_error(\ngrpc.aio._call.AioRpcError: <AioRpcError of RPC that terminated with:\n\tstatus = StatusCode.INVALID_ARGUMENT\n\tdetails = \"INVALID_ARGUMENT: Invalid date range\"\n\tdebug_error_string = \"UNKNOWN:Error received from peer  {grpc_status:3, grpc_message:\"INVALID_ARGUMENT: Invalid date range\"}\"\n>", "func_name": "fetch_historical", "lineno": 170, "filename": "grpc_data_source.py"}
Traceback (most recent call last):
  File "/Users/vyacheslav/Downloads/ziplime-grpc-data-source-main 5/ziplime_grpc_data_source/grpc_data_source.py", line 163, in fetch_historical
    result, duration, requests_time = await self.fetch_historical_lime_trader_data(channel=channel,
                                      ^^^^^^^^^^^^^^^^^^^^^^^^^^^^^^^^^^^^^^^^^^^^^^^^^^^^^^^^^^^^^
  File "/Users/vyacheslav/Downloads/ziplime-grpc-data-source-main 5/ziplime_grpc_data_source/grpc_data_source.py", line 105, in fetch_historical_lime_trader_data
    response = await stub.Bars(bars_request, metadata=metadata)
               ^^^^^^^^^^^^^^^^^^^^^^^^^^^^^^^^^^^^^^^^^^^^^^^^
  File "/Users/vyacheslav/Library/Caches/pypoetry/virtualenvs/ziplime-grpc-data-source-vGyp3ClS-py3.12/lib/python3.12/site-packages/grpc/aio/_call.py", line 327, in __await__
    raise _create_rpc_error(
grpc.aio._call.AioRpcError: <AioRpcError of RPC that terminated with:
	status = StatusCode.INVALID_ARGUMENT
	details = "INVALID_ARGUMENT: Invalid date range"
	debug_error_string = "UNKNOWN:Error received from peer  {grpc_status:3, grpc_message:"INVALID_ARGUMENT: Invalid date range"}"
>
[2026-03-11 19:34:20,259] ERROR in ziplime_grpc_data_source.grpc_data_source: {"event": "Exception fetching historical data for symbol SBER@MISX, date_from=2023-09-01 00:00:00+03:00, date_to=2025-09-18 00:00:00+03:00. Skipping.", "logger": "ziplime_grpc_data_source.grpc_data_source", "level": "error", "timestamp": "2026-03-11T14:34:20.258868Z", "exception": "Traceback (most recent call last):\n  File \"/Users/vyacheslav/Downloads/ziplime-grpc-data-source-main 5/ziplime_grpc_data_source/grpc_data_source.py\", line 163, in fetch_historical\n    result, duration, requests_time = await self.fetch_historical_lime_trader_data(channel=channel,\n                                      ^^^^^^^^^^^^^^^^^^^^^^^^^^^^^^^^^^^^^^^^^^^^^^^^^^^^^^^^^^^^^\n  File \"/Users/vyacheslav/Downloads/ziplime-grpc-data-source-main 5/ziplime_grpc_data_source/grpc_data_source.py\", line 105, in fetch_historical_lime_trader_data\n    response = await stub.Bars(bars_request, metadata=metadata)\n               ^^^^^^^^^^^^^^^^^^^^^^^^^^^^^^^^^^^^^^^^^^^^^^^^\n  File \"/Users/vyacheslav/Library/Caches/pypoetry/virtualenvs/ziplime-grpc-data-source-vGyp3ClS-py3.12/lib/python3.12/site-packages/grpc/aio/_call.py\", line 327, in __await__\n    raise _create_rpc_error(\ngrpc.aio._call.AioRpcError: <AioRpcError of RPC that terminated with:\n\tstatus = StatusCode.INVALID_ARGUMENT\n\tdetails = \"INVALID_ARGUMENT: Invalid date range\"\n\tdebug_error_string = \"UNKNOWN:Error received from peer  {grpc_message:\"INVALID_ARGUMENT: Invalid date range\", grpc_status:3}\"\n>", "func_name": "fetch_historical", "lineno": 170, "filename": "grpc_data_source.py"}
Traceback (most recent call last):
  File "/Users/vyacheslav/Downloads/ziplime-grpc-data-source-main 5/ziplime_grpc_data_source/grpc_data_source.py", line 163, in fetch_historical
    result, duration, requests_time = await self.fetch_historical_lime_trader_data(channel=channel,
                                      ^^^^^^^^^^^^^^^^^^^^^^^^^^^^^^^^^^^^^^^^^^^^^^^^^^^^^^^^^^^^^
  File "/Users/vyacheslav/Downloads/ziplime-grpc-data-source-main 5/ziplime_grpc_data_source/grpc_data_source.py", line 105, in fetch_historical_lime_trader_data
    response = await stub.Bars(bars_request, metadata=metadata)
               ^^^^^^^^^^^^^^^^^^^^^^^^^^^^^^^^^^^^^^^^^^^^^^^^
  File "/Users/vyacheslav/Library/Caches/pypoetry/virtualenvs/ziplime-grpc-data-source-vGyp3ClS-py3.12/lib/python3.12/site-packages/grpc/aio/_call.py", line 327, in __await__
    raise _create_rpc_error(
grpc.aio._call.AioRpcError: <AioRpcError of RPC that terminated with:
	status = StatusCode.INVALID_ARGUMENT
	details = "INVALID_ARGUMENT: Invalid date range"
	debug_error_string = "UNKNOWN:Error received from peer  {grpc_message:"INVALID_ARGUMENT: Invalid date range", grpc_status:3}"
>
[2026-03-11 19:34:20,260] INFO in ziplime_grpc_data_source.grpc_data_source: {"total_duration": 0, "requests_duration": 0, "event": "Retrieved 0 candles for ['SBER@MISX', 'UGLD@MISX', 'UKUZ@MISX', 'WUSH@MISX'] in 0.00s. Total requests time: 0.00s", "logger": "ziplime_grpc_data_source.grpc_data_source", "level": "info", "timestamp": "2026-03-11T14:34:20.260359Z", "func_name": "get_data", "lineno": 217, "filename": "grpc_data_source.py"}
[2026-03-11 19:34:20,260] WARNING in ziplime.data.services.bundle_service: {"event": "No data for symbols=['SBER@MISX', 'UGLD@MISX', 'UKUZ@MISX', 'WUSH@MISX'], frequency=1 day, 0:00:00, date_from=2023-09-01 00:00:00+03:00, date_end=2025-09-18 00:00:00+03:00 found. Skipping ingestion.", "logger": "ziplime.data.services.bundle_service", "level": "warning", "timestamp": "2026-03-11T14:34:20.260569Z", "func_name": "ingest_market_data_bundle", "lineno": 320, "filename": "bundle_service.py"}
[2026-03-11 19:34:49,179] INFO in alembic.runtime.migration: Context impl SQLiteImpl.
[2026-03-11 19:34:49,180] INFO in alembic.runtime.migration: Will assume non-transactional DDL.
[2026-03-11 19:34:51,723] INFO in ziplime.data.services.bundle_service: {"event": "Ingesting market data bundle: name=grpc_daily_data, date_start=2025-09-01 00:00:00+03:00, date_end=2025-09-18 00:00:00+03:00, symbols=['SBER@MISX', 'UGLD@MISX', 'UKUZ@MISX', 'WUSH@MISX'], frequency=1 day, 0:00:00", "logger": "ziplime.data.services.bundle_service", "level": "info", "timestamp": "2026-03-11T14:34:51.723163Z", "filename": "bundle_service.py", "lineno": 297, "func_name": "ingest_market_data_bundle"}
[2026-03-11 19:34:51,724] INFO in ziplime_grpc_data_source.grpc_data_source: {"symbol": "SBER@MISX", "start_date": "datetime.datetime(2025, 9, 1, 0, 0, tzinfo=zoneinfo.ZoneInfo(key='Europe/Moscow'))", "end_date": "datetime.datetime(2025, 9, 18, 0, 0, tzinfo=zoneinfo.ZoneInfo(key='Europe/Moscow'))", "event": "Fetching market data for symbol SBER@MISX - 2025-09-01 00:00:00+03:00 to 2025-09-18 00:00:00+03:00", "logger": "ziplime_grpc_data_source.grpc_data_source", "level": "info", "timestamp": "2026-03-11T14:34:51.724193Z", "filename": "grpc_data_source.py", "lineno": 101, "func_name": "fetch_historical_lime_trader_data"}
[2026-03-11 19:34:51,724] INFO in ziplime_grpc_data_source.grpc_data_source: {"symbol": "UGLD@MISX", "start_date": "datetime.datetime(2025, 9, 1, 0, 0, tzinfo=zoneinfo.ZoneInfo(key='Europe/Moscow'))", "end_date": "datetime.datetime(2025, 9, 18, 0, 0, tzinfo=zoneinfo.ZoneInfo(key='Europe/Moscow'))", "event": "Fetching market data for symbol UGLD@MISX - 2025-09-01 00:00:00+03:00 to 2025-09-18 00:00:00+03:00", "logger": "ziplime_grpc_data_source.grpc_data_source", "level": "info", "timestamp": "2026-03-11T14:34:51.724371Z", "filename": "grpc_data_source.py", "lineno": 101, "func_name": "fetch_historical_lime_trader_data"}
[2026-03-11 19:34:51,724] INFO in ziplime_grpc_data_source.grpc_data_source: {"symbol": "UKUZ@MISX", "start_date": "datetime.datetime(2025, 9, 1, 0, 0, tzinfo=zoneinfo.ZoneInfo(key='Europe/Moscow'))", "end_date": "datetime.datetime(2025, 9, 18, 0, 0, tzinfo=zoneinfo.ZoneInfo(key='Europe/Moscow'))", "event": "Fetching market data for symbol UKUZ@MISX - 2025-09-01 00:00:00+03:00 to 2025-09-18 00:00:00+03:00", "logger": "ziplime_grpc_data_source.grpc_data_source", "level": "info", "timestamp": "2026-03-11T14:34:51.724482Z", "filename": "grpc_data_source.py", "lineno": 101, "func_name": "fetch_historical_lime_trader_data"}
[2026-03-11 19:34:51,724] INFO in ziplime_grpc_data_source.grpc_data_source: {"symbol": "WUSH@MISX", "start_date": "datetime.datetime(2025, 9, 1, 0, 0, tzinfo=zoneinfo.ZoneInfo(key='Europe/Moscow'))", "end_date": "datetime.datetime(2025, 9, 18, 0, 0, tzinfo=zoneinfo.ZoneInfo(key='Europe/Moscow'))", "event": "Fetching market data for symbol WUSH@MISX - 2025-09-01 00:00:00+03:00 to 2025-09-18 00:00:00+03:00", "logger": "ziplime_grpc_data_source.grpc_data_source", "level": "info", "timestamp": "2026-03-11T14:34:51.724653Z", "filename": "grpc_data_source.py", "lineno": 101, "func_name": "fetch_historical_lime_trader_data"}
[2026-03-11 19:34:54,061] INFO in ziplime_grpc_data_source.grpc_data_source: {"symbol": "SBER@MISX", "start_date": "datetime.datetime(2025, 9, 1, 0, 0, tzinfo=zoneinfo.ZoneInfo(key='Europe/Moscow'))", "end_date": "datetime.datetime(2025, 9, 18, 0, 0, tzinfo=zoneinfo.ZoneInfo(key='Europe/Moscow'))", "duration": 2.336791753768921, "event": "Fetched market data for symbol SBER@MISX - 2025-09-01 00:00:00+03:00 to 2025-09-18 00:00:00+03:00 in 2.34", "logger": "ziplime_grpc_data_source.grpc_data_source", "level": "info", "timestamp": "2026-03-11T14:34:54.061600Z", "filename": "grpc_data_source.py", "lineno": 125, "func_name": "fetch_historical_lime_trader_data"}
[2026-03-11 19:34:54,065] INFO in ziplime_grpc_data_source.grpc_data_source: {"total_duration": 2.340867042541504, "requests_duration": 2.336791753768921, "event": "Retrieved 18 candles for SBER@MISX in 2.34s. Total requests time: 2.34s", "logger": "ziplime_grpc_data_source.grpc_data_source", "level": "info", "timestamp": "2026-03-11T14:34:54.065026Z", "filename": "grpc_data_source.py", "lineno": 140, "func_name": "fetch_historical_lime_trader_data"}
[2026-03-11 19:34:54,066] INFO in ziplime_grpc_data_source.grpc_data_source: {"symbol": "WUSH@MISX", "start_date": "datetime.datetime(2025, 9, 1, 0, 0, tzinfo=zoneinfo.ZoneInfo(key='Europe/Moscow'))", "end_date": "datetime.datetime(2025, 9, 18, 0, 0, tzinfo=zoneinfo.ZoneInfo(key='Europe/Moscow'))", "duration": 2.3410940170288086, "event": "Fetched market data for symbol WUSH@MISX - 2025-09-01 00:00:00+03:00 to 2025-09-18 00:00:00+03:00 in 2.34", "logger": "ziplime_grpc_data_source.grpc_data_source", "level": "info", "timestamp": "2026-03-11T14:34:54.065971Z", "filename": "grpc_data_source.py", "lineno": 125, "func_name": "fetch_historical_lime_trader_data"}
[2026-03-11 19:34:54,066] INFO in ziplime_grpc_data_source.grpc_data_source: {"total_duration": 2.3417181968688965, "requests_duration": 2.3410940170288086, "event": "Retrieved 18 candles for WUSH@MISX in 2.34s. Total requests time: 2.34s", "logger": "ziplime_grpc_data_source.grpc_data_source", "level": "info", "timestamp": "2026-03-11T14:34:54.066360Z", "filename": "grpc_data_source.py", "lineno": 140, "func_name": "fetch_historical_lime_trader_data"}
[2026-03-11 19:34:54,067] INFO in ziplime_grpc_data_source.grpc_data_source: {"symbol": "UGLD@MISX", "start_date": "datetime.datetime(2025, 9, 1, 0, 0, tzinfo=zoneinfo.ZoneInfo(key='Europe/Moscow'))", "end_date": "datetime.datetime(2025, 9, 18, 0, 0, tzinfo=zoneinfo.ZoneInfo(key='Europe/Moscow'))", "duration": 2.34240984916687, "event": "Fetched market data for symbol UGLD@MISX - 2025-09-01 00:00:00+03:00 to 2025-09-18 00:00:00+03:00 in 2.34", "logger": "ziplime_grpc_data_source.grpc_data_source", "level": "info", "timestamp": "2026-03-11T14:34:54.066975Z", "filename": "grpc_data_source.py", "lineno": 125, "func_name": "fetch_historical_lime_trader_data"}
[2026-03-11 19:34:54,067] INFO in ziplime_grpc_data_source.grpc_data_source: {"total_duration": 2.342925786972046, "requests_duration": 2.34240984916687, "event": "Retrieved 18 candles for UGLD@MISX in 2.34s. Total requests time: 2.34s", "logger": "ziplime_grpc_data_source.grpc_data_source", "level": "info", "timestamp": "2026-03-11T14:34:54.067273Z", "filename": "grpc_data_source.py", "lineno": 140, "func_name": "fetch_historical_lime_trader_data"}
[2026-03-11 19:34:54,376] INFO in ziplime_grpc_data_source.grpc_data_source: {"symbol": "UKUZ@MISX", "start_date": "datetime.datetime(2025, 9, 1, 0, 0, tzinfo=zoneinfo.ZoneInfo(key='Europe/Moscow'))", "end_date": "datetime.datetime(2025, 9, 18, 0, 0, tzinfo=zoneinfo.ZoneInfo(key='Europe/Moscow'))", "duration": 2.6514151096343994, "event": "Fetched market data for symbol UKUZ@MISX - 2025-09-01 00:00:00+03:00 to 2025-09-18 00:00:00+03:00 in 2.65", "logger": "ziplime_grpc_data_source.grpc_data_source", "level": "info", "timestamp": "2026-03-11T14:34:54.376337Z", "filename": "grpc_data_source.py", "lineno": 125, "func_name": "fetch_historical_lime_trader_data"}
[2026-03-11 19:34:54,377] INFO in ziplime_grpc_data_source.grpc_data_source: {"total_duration": 2.652853012084961, "requests_duration": 2.6514151096343994, "event": "Retrieved 15 candles for UKUZ@MISX in 2.65s. Total requests time: 2.65s", "logger": "ziplime_grpc_data_source.grpc_data_source", "level": "info", "timestamp": "2026-03-11T14:34:54.377347Z", "filename": "grpc_data_source.py", "lineno": 140, "func_name": "fetch_historical_lime_trader_data"}
[2026-03-11 19:34:54,380] INFO in ziplime_grpc_data_source.grpc_data_source: {"total_duration": 9.678364038467407, "requests_duration": 9.671710729598999, "event": "Retrieved 69 candles for ['SBER@MISX', 'UGLD@MISX', 'UKUZ@MISX', 'WUSH@MISX'] in 9.68s. Total requests time: 9.67s", "logger": "ziplime_grpc_data_source.grpc_data_source", "level": "info", "timestamp": "2026-03-11T14:34:54.380624Z", "filename": "grpc_data_source.py", "lineno": 217, "func_name": "get_data"}
[2026-03-11 19:34:54,484] INFO in ziplime.data.services.bundle_service: {"duration": 2.761094808578491, "event": "Finished ingesting market data bundle_name=grpc_daily_data, bundle_version=1773239691.Total duration: 2.76 seconds", "logger": "ziplime.data.services.bundle_service", "level": "info", "timestamp": "2026-03-11T14:34:54.484399Z", "filename": "bundle_service.py", "lineno": 403, "func_name": "ingest_market_data_bundle"}
[2026-03-11 19:35:09,803] INFO in alembic.runtime.migration: Context impl SQLiteImpl.
[2026-03-11 19:35:09,803] INFO in alembic.runtime.migration: Will assume non-transactional DDL.
[2026-03-11 19:35:12,573] INFO in ziplime.data.services.bundle_service: {"event": "Ingesting market data bundle: name=grpc_daily_data, date_start=2025-01-01 00:00:00+03:00, date_end=2025-09-18 00:00:00+03:00, symbols=['SBER@MISX', 'UGLD@MISX', 'UKUZ@MISX', 'WUSH@MISX'], frequency=1 day, 0:00:00", "logger": "ziplime.data.services.bundle_service", "level": "info", "timestamp": "2026-03-11T14:35:12.573741Z", "lineno": 297, "func_name": "ingest_market_data_bundle", "filename": "bundle_service.py"}
[2026-03-11 19:35:12,575] INFO in ziplime_grpc_data_source.grpc_data_source: {"symbol": "SBER@MISX", "start_date": "datetime.datetime(2025, 1, 1, 0, 0, tzinfo=zoneinfo.ZoneInfo(key='Europe/Moscow'))", "end_date": "datetime.datetime(2025, 9, 18, 0, 0, tzinfo=zoneinfo.ZoneInfo(key='Europe/Moscow'))", "event": "Fetching market data for symbol SBER@MISX - 2025-01-01 00:00:00+03:00 to 2025-09-18 00:00:00+03:00", "logger": "ziplime_grpc_data_source.grpc_data_source", "level": "info", "timestamp": "2026-03-11T14:35:12.575008Z", "lineno": 101, "func_name": "fetch_historical_lime_trader_data", "filename": "grpc_data_source.py"}
[2026-03-11 19:35:12,575] INFO in ziplime_grpc_data_source.grpc_data_source: {"symbol": "UGLD@MISX", "start_date": "datetime.datetime(2025, 1, 1, 0, 0, tzinfo=zoneinfo.ZoneInfo(key='Europe/Moscow'))", "end_date": "datetime.datetime(2025, 9, 18, 0, 0, tzinfo=zoneinfo.ZoneInfo(key='Europe/Moscow'))", "event": "Fetching market data for symbol UGLD@MISX - 2025-01-01 00:00:00+03:00 to 2025-09-18 00:00:00+03:00", "logger": "ziplime_grpc_data_source.grpc_data_source", "level": "info", "timestamp": "2026-03-11T14:35:12.575200Z", "lineno": 101, "func_name": "fetch_historical_lime_trader_data", "filename": "grpc_data_source.py"}
[2026-03-11 19:35:12,575] INFO in ziplime_grpc_data_source.grpc_data_source: {"symbol": "UKUZ@MISX", "start_date": "datetime.datetime(2025, 1, 1, 0, 0, tzinfo=zoneinfo.ZoneInfo(key='Europe/Moscow'))", "end_date": "datetime.datetime(2025, 9, 18, 0, 0, tzinfo=zoneinfo.ZoneInfo(key='Europe/Moscow'))", "event": "Fetching market data for symbol UKUZ@MISX - 2025-01-01 00:00:00+03:00 to 2025-09-18 00:00:00+03:00", "logger": "ziplime_grpc_data_source.grpc_data_source", "level": "info", "timestamp": "2026-03-11T14:35:12.575356Z", "lineno": 101, "func_name": "fetch_historical_lime_trader_data", "filename": "grpc_data_source.py"}
[2026-03-11 19:35:12,575] INFO in ziplime_grpc_data_source.grpc_data_source: {"symbol": "WUSH@MISX", "start_date": "datetime.datetime(2025, 1, 1, 0, 0, tzinfo=zoneinfo.ZoneInfo(key='Europe/Moscow'))", "end_date": "datetime.datetime(2025, 9, 18, 0, 0, tzinfo=zoneinfo.ZoneInfo(key='Europe/Moscow'))", "event": "Fetching market data for symbol WUSH@MISX - 2025-01-01 00:00:00+03:00 to 2025-09-18 00:00:00+03:00", "logger": "ziplime_grpc_data_source.grpc_data_source", "level": "info", "timestamp": "2026-03-11T14:35:12.575590Z", "lineno": 101, "func_name": "fetch_historical_lime_trader_data", "filename": "grpc_data_source.py"}
[2026-03-11 19:35:15,282] INFO in ziplime_grpc_data_source.grpc_data_source: {"symbol": "UKUZ@MISX", "start_date": "datetime.datetime(2025, 1, 1, 0, 0, tzinfo=zoneinfo.ZoneInfo(key='Europe/Moscow'))", "end_date": "datetime.datetime(2025, 9, 18, 0, 0, tzinfo=zoneinfo.ZoneInfo(key='Europe/Moscow'))", "duration": 2.7060952186584473, "event": "Fetched market data for symbol UKUZ@MISX - 2025-01-01 00:00:00+03:00 to 2025-09-18 00:00:00+03:00 in 2.71", "logger": "ziplime_grpc_data_source.grpc_data_source", "level": "info", "timestamp": "2026-03-11T14:35:15.282207Z", "lineno": 125, "func_name": "fetch_historical_lime_trader_data", "filename": "grpc_data_source.py"}
[2026-03-11 19:35:15,283] INFO in ziplime_grpc_data_source.grpc_data_source: {"total_duration": 2.7076759338378906, "requests_duration": 2.7060952186584473, "event": "Retrieved 182 candles for UKUZ@MISX in 2.71s. Total requests time: 2.71s", "logger": "ziplime_grpc_data_source.grpc_data_source", "level": "info", "timestamp": "2026-03-11T14:35:15.282987Z", "lineno": 140, "func_name": "fetch_historical_lime_trader_data", "filename": "grpc_data_source.py"}
[2026-03-11 19:35:15,585] INFO in ziplime_grpc_data_source.grpc_data_source: {"symbol": "WUSH@MISX", "start_date": "datetime.datetime(2025, 1, 1, 0, 0, tzinfo=zoneinfo.ZoneInfo(key='Europe/Moscow'))", "end_date": "datetime.datetime(2025, 9, 18, 0, 0, tzinfo=zoneinfo.ZoneInfo(key='Europe/Moscow'))", "duration": 3.0074830055236816, "event": "Fetched market data for symbol WUSH@MISX - 2025-01-01 00:00:00+03:00 to 2025-09-18 00:00:00+03:00 in 3.01", "logger": "ziplime_grpc_data_source.grpc_data_source", "level": "info", "timestamp": "2026-03-11T14:35:15.585521Z", "lineno": 125, "func_name": "fetch_historical_lime_trader_data", "filename": "grpc_data_source.py"}
[2026-03-11 19:35:15,587] INFO in ziplime_grpc_data_source.grpc_data_source: {"total_duration": 3.011660575866699, "requests_duration": 3.0074830055236816, "event": "Retrieved 220 candles for WUSH@MISX in 3.01s. Total requests time: 3.01s", "logger": "ziplime_grpc_data_source.grpc_data_source", "level": "info", "timestamp": "2026-03-11T14:35:15.587255Z", "lineno": 140, "func_name": "fetch_historical_lime_trader_data", "filename": "grpc_data_source.py"}
[2026-03-11 19:35:15,878] INFO in ziplime_grpc_data_source.grpc_data_source: {"symbol": "SBER@MISX", "start_date": "datetime.datetime(2025, 1, 1, 0, 0, tzinfo=zoneinfo.ZoneInfo(key='Europe/Moscow'))", "end_date": "datetime.datetime(2025, 9, 18, 0, 0, tzinfo=zoneinfo.ZoneInfo(key='Europe/Moscow'))", "duration": 3.3001978397369385, "event": "Fetched market data for symbol SBER@MISX - 2025-01-01 00:00:00+03:00 to 2025-09-18 00:00:00+03:00 in 3.30", "logger": "ziplime_grpc_data_source.grpc_data_source", "level": "info", "timestamp": "2026-03-11T14:35:15.878211Z", "lineno": 125, "func_name": "fetch_historical_lime_trader_data", "filename": "grpc_data_source.py"}
[2026-03-11 19:35:15,879] INFO in ziplime_grpc_data_source.grpc_data_source: {"total_duration": 3.304644823074341, "requests_duration": 3.3001978397369385, "event": "Retrieved 224 candles for SBER@MISX in 3.30s. Total requests time: 3.30s", "logger": "ziplime_grpc_data_source.grpc_data_source", "level": "info", "timestamp": "2026-03-11T14:35:15.879590Z", "lineno": 140, "func_name": "fetch_historical_lime_trader_data", "filename": "grpc_data_source.py"}
[2026-03-11 19:35:15,882] INFO in ziplime_grpc_data_source.grpc_data_source: {"symbol": "UGLD@MISX", "start_date": "datetime.datetime(2025, 1, 1, 0, 0, tzinfo=zoneinfo.ZoneInfo(key='Europe/Moscow'))", "end_date": "datetime.datetime(2025, 9, 18, 0, 0, tzinfo=zoneinfo.ZoneInfo(key='Europe/Moscow'))", "duration": 3.3059520721435547, "event": "Fetched market data for symbol UGLD@MISX - 2025-01-01 00:00:00+03:00 to 2025-09-18 00:00:00+03:00 in 3.31", "logger": "ziplime_grpc_data_source.grpc_data_source", "level": "info", "timestamp": "2026-03-11T14:35:15.882836Z", "lineno": 125, "func_name": "fetch_historical_lime_trader_data", "filename": "grpc_data_source.py"}
[2026-03-11 19:35:15,883] INFO in ziplime_grpc_data_source.grpc_data_source: {"total_duration": 3.3087217807769775, "requests_duration": 3.3059520721435547, "event": "Retrieved 215 candles for UGLD@MISX in 3.31s. Total requests time: 3.31s", "logger": "ziplime_grpc_data_source.grpc_data_source", "level": "info", "timestamp": "2026-03-11T14:35:15.883904Z", "lineno": 140, "func_name": "fetch_historical_lime_trader_data", "filename": "grpc_data_source.py"}
[2026-03-11 19:35:15,889] INFO in ziplime_grpc_data_source.grpc_data_source: {"total_duration": 12.332703113555908, "requests_duration": 12.319728136062622, "event": "Retrieved 841 candles for ['SBER@MISX', 'UGLD@MISX', 'UKUZ@MISX', 'WUSH@MISX'] in 12.33s. Total requests time: 12.32s", "logger": "ziplime_grpc_data_source.grpc_data_source", "level": "info", "timestamp": "2026-03-11T14:35:15.889757Z", "lineno": 217, "func_name": "get_data", "filename": "grpc_data_source.py"}
[2026-03-11 19:35:16,001] WARNING in ziplime.data.services.bundle_service: {"event": "Data for symbol UGLD is missing on ticks (5): ['2025-07-07T00:00:00+03:00', '2025-07-08T00:00:00+03:00', '2025-07-09T00:00:00+03:00', '2025-07-10T00:00:00+03:00', '2025-07-11T00:00:00+03:00']", "logger": "ziplime.data.services.bundle_service", "level": "warning", "timestamp": "2026-03-11T14:35:16.001735Z", "lineno": 362, "func_name": "ingest_market_data_bundle", "filename": "bundle_service.py"}
[2026-03-11 19:35:16,014] INFO in ziplime.data.services.bundle_service: {"duration": 3.4405760765075684, "event": "Finished ingesting market data bundle_name=grpc_daily_data, bundle_version=1773239712.Total duration: 3.44 seconds", "logger": "ziplime.data.services.bundle_service", "level": "info", "timestamp": "2026-03-11T14:35:16.014488Z", "lineno": 403, "func_name": "ingest_market_data_bundle", "filename": "bundle_service.py"}
[2026-03-11 19:35:24,038] INFO in alembic.runtime.migration: Context impl SQLiteImpl.
[2026-03-11 19:35:24,038] INFO in alembic.runtime.migration: Will assume non-transactional DDL.
[2026-03-11 19:35:26,551] INFO in ziplime.data.services.bundle_service: {"event": "Ingesting market data bundle: name=grpc_daily_data, date_start=2024-01-01 00:00:00+03:00, date_end=2025-09-18 00:00:00+03:00, symbols=['SBER@MISX', 'UGLD@MISX', 'UKUZ@MISX', 'WUSH@MISX'], frequency=1 day, 0:00:00", "logger": "ziplime.data.services.bundle_service", "level": "info", "timestamp": "2026-03-11T14:35:26.551644Z", "lineno": 297, "filename": "bundle_service.py", "func_name": "ingest_market_data_bundle"}
[2026-03-11 19:35:26,552] INFO in ziplime_grpc_data_source.grpc_data_source: {"symbol": "SBER@MISX", "start_date": "datetime.datetime(2024, 1, 1, 0, 0, tzinfo=zoneinfo.ZoneInfo(key='Europe/Moscow'))", "end_date": "datetime.datetime(2025, 9, 18, 0, 0, tzinfo=zoneinfo.ZoneInfo(key='Europe/Moscow'))", "event": "Fetching market data for symbol SBER@MISX - 2024-01-01 00:00:00+03:00 to 2025-09-18 00:00:00+03:00", "logger": "ziplime_grpc_data_source.grpc_data_source", "level": "info", "timestamp": "2026-03-11T14:35:26.552688Z", "lineno": 101, "filename": "grpc_data_source.py", "func_name": "fetch_historical_lime_trader_data"}
[2026-03-11 19:35:26,552] INFO in ziplime_grpc_data_source.grpc_data_source: {"symbol": "UGLD@MISX", "start_date": "datetime.datetime(2024, 1, 1, 0, 0, tzinfo=zoneinfo.ZoneInfo(key='Europe/Moscow'))", "end_date": "datetime.datetime(2025, 9, 18, 0, 0, tzinfo=zoneinfo.ZoneInfo(key='Europe/Moscow'))", "event": "Fetching market data for symbol UGLD@MISX - 2024-01-01 00:00:00+03:00 to 2025-09-18 00:00:00+03:00", "logger": "ziplime_grpc_data_source.grpc_data_source", "level": "info", "timestamp": "2026-03-11T14:35:26.552864Z", "lineno": 101, "filename": "grpc_data_source.py", "func_name": "fetch_historical_lime_trader_data"}
[2026-03-11 19:35:26,552] INFO in ziplime_grpc_data_source.grpc_data_source: {"symbol": "UKUZ@MISX", "start_date": "datetime.datetime(2024, 1, 1, 0, 0, tzinfo=zoneinfo.ZoneInfo(key='Europe/Moscow'))", "end_date": "datetime.datetime(2025, 9, 18, 0, 0, tzinfo=zoneinfo.ZoneInfo(key='Europe/Moscow'))", "event": "Fetching market data for symbol UKUZ@MISX - 2024-01-01 00:00:00+03:00 to 2025-09-18 00:00:00+03:00", "logger": "ziplime_grpc_data_source.grpc_data_source", "level": "info", "timestamp": "2026-03-11T14:35:26.552981Z", "lineno": 101, "filename": "grpc_data_source.py", "func_name": "fetch_historical_lime_trader_data"}
[2026-03-11 19:35:26,553] INFO in ziplime_grpc_data_source.grpc_data_source: {"symbol": "WUSH@MISX", "start_date": "datetime.datetime(2024, 1, 1, 0, 0, tzinfo=zoneinfo.ZoneInfo(key='Europe/Moscow'))", "end_date": "datetime.datetime(2025, 9, 18, 0, 0, tzinfo=zoneinfo.ZoneInfo(key='Europe/Moscow'))", "event": "Fetching market data for symbol WUSH@MISX - 2024-01-01 00:00:00+03:00 to 2025-09-18 00:00:00+03:00", "logger": "ziplime_grpc_data_source.grpc_data_source", "level": "info", "timestamp": "2026-03-11T14:35:26.553165Z", "lineno": 101, "filename": "grpc_data_source.py", "func_name": "fetch_historical_lime_trader_data"}
[2026-03-11 19:35:28,763] ERROR in ziplime_grpc_data_source.grpc_data_source: {"event": "Exception fetching historical data for symbol WUSH@MISX, date_from=2024-01-01 00:00:00+03:00, date_to=2025-09-18 00:00:00+03:00. Skipping.", "logger": "ziplime_grpc_data_source.grpc_data_source", "level": "error", "timestamp": "2026-03-11T14:35:28.763111Z", "exception": "Traceback (most recent call last):\n  File \"/Users/vyacheslav/Downloads/ziplime-grpc-data-source-main 5/ziplime_grpc_data_source/grpc_data_source.py\", line 163, in fetch_historical\n    result, duration, requests_time = await self.fetch_historical_lime_trader_data(channel=channel,\n                                      ^^^^^^^^^^^^^^^^^^^^^^^^^^^^^^^^^^^^^^^^^^^^^^^^^^^^^^^^^^^^^\n  File \"/Users/vyacheslav/Downloads/ziplime-grpc-data-source-main 5/ziplime_grpc_data_source/grpc_data_source.py\", line 105, in fetch_historical_lime_trader_data\n    response = await stub.Bars(bars_request, metadata=metadata)\n               ^^^^^^^^^^^^^^^^^^^^^^^^^^^^^^^^^^^^^^^^^^^^^^^^\n  File \"/Users/vyacheslav/Library/Caches/pypoetry/virtualenvs/ziplime-grpc-data-source-vGyp3ClS-py3.12/lib/python3.12/site-packages/grpc/aio/_call.py\", line 327, in __await__\n    raise _create_rpc_error(\ngrpc.aio._call.AioRpcError: <AioRpcError of RPC that terminated with:\n\tstatus = StatusCode.INVALID_ARGUMENT\n\tdetails = \"INVALID_ARGUMENT: Invalid date range\"\n\tdebug_error_string = \"UNKNOWN:Error received from peer  {grpc_message:\"INVALID_ARGUMENT: Invalid date range\", grpc_status:3}\"\n>", "lineno": 170, "filename": "grpc_data_source.py", "func_name": "fetch_historical"}
Traceback (most recent call last):
  File "/Users/vyacheslav/Downloads/ziplime-grpc-data-source-main 5/ziplime_grpc_data_source/grpc_data_source.py", line 163, in fetch_historical
    result, duration, requests_time = await self.fetch_historical_lime_trader_data(channel=channel,
                                      ^^^^^^^^^^^^^^^^^^^^^^^^^^^^^^^^^^^^^^^^^^^^^^^^^^^^^^^^^^^^^
  File "/Users/vyacheslav/Downloads/ziplime-grpc-data-source-main 5/ziplime_grpc_data_source/grpc_data_source.py", line 105, in fetch_historical_lime_trader_data
    response = await stub.Bars(bars_request, metadata=metadata)
               ^^^^^^^^^^^^^^^^^^^^^^^^^^^^^^^^^^^^^^^^^^^^^^^^
  File "/Users/vyacheslav/Library/Caches/pypoetry/virtualenvs/ziplime-grpc-data-source-vGyp3ClS-py3.12/lib/python3.12/site-packages/grpc/aio/_call.py", line 327, in __await__
    raise _create_rpc_error(
grpc.aio._call.AioRpcError: <AioRpcError of RPC that terminated with:
	status = StatusCode.INVALID_ARGUMENT
	details = "INVALID_ARGUMENT: Invalid date range"
	debug_error_string = "UNKNOWN:Error received from peer  {grpc_message:"INVALID_ARGUMENT: Invalid date range", grpc_status:3}"
>
[2026-03-11 19:35:28,764] ERROR in ziplime_grpc_data_source.grpc_data_source: {"event": "Exception fetching historical data for symbol UKUZ@MISX, date_from=2024-01-01 00:00:00+03:00, date_to=2025-09-18 00:00:00+03:00. Skipping.", "logger": "ziplime_grpc_data_source.grpc_data_source", "level": "error", "timestamp": "2026-03-11T14:35:28.764536Z", "exception": "Traceback (most recent call last):\n  File \"/Users/vyacheslav/Downloads/ziplime-grpc-data-source-main 5/ziplime_grpc_data_source/grpc_data_source.py\", line 163, in fetch_historical\n    result, duration, requests_time = await self.fetch_historical_lime_trader_data(channel=channel,\n                                      ^^^^^^^^^^^^^^^^^^^^^^^^^^^^^^^^^^^^^^^^^^^^^^^^^^^^^^^^^^^^^\n  File \"/Users/vyacheslav/Downloads/ziplime-grpc-data-source-main 5/ziplime_grpc_data_source/grpc_data_source.py\", line 105, in fetch_historical_lime_trader_data\n    response = await stub.Bars(bars_request, metadata=metadata)\n               ^^^^^^^^^^^^^^^^^^^^^^^^^^^^^^^^^^^^^^^^^^^^^^^^\n  File \"/Users/vyacheslav/Library/Caches/pypoetry/virtualenvs/ziplime-grpc-data-source-vGyp3ClS-py3.12/lib/python3.12/site-packages/grpc/aio/_call.py\", line 327, in __await__\n    raise _create_rpc_error(\ngrpc.aio._call.AioRpcError: <AioRpcError of RPC that terminated with:\n\tstatus = StatusCode.INVALID_ARGUMENT\n\tdetails = \"INVALID_ARGUMENT: Invalid date range\"\n\tdebug_error_string = \"UNKNOWN:Error received from peer  {grpc_message:\"INVALID_ARGUMENT: Invalid date range\", grpc_status:3}\"\n>", "lineno": 170, "filename": "grpc_data_source.py", "func_name": "fetch_historical"}
Traceback (most recent call last):
  File "/Users/vyacheslav/Downloads/ziplime-grpc-data-source-main 5/ziplime_grpc_data_source/grpc_data_source.py", line 163, in fetch_historical
    result, duration, requests_time = await self.fetch_historical_lime_trader_data(channel=channel,
                                      ^^^^^^^^^^^^^^^^^^^^^^^^^^^^^^^^^^^^^^^^^^^^^^^^^^^^^^^^^^^^^
  File "/Users/vyacheslav/Downloads/ziplime-grpc-data-source-main 5/ziplime_grpc_data_source/grpc_data_source.py", line 105, in fetch_historical_lime_trader_data
    response = await stub.Bars(bars_request, metadata=metadata)
               ^^^^^^^^^^^^^^^^^^^^^^^^^^^^^^^^^^^^^^^^^^^^^^^^
  File "/Users/vyacheslav/Library/Caches/pypoetry/virtualenvs/ziplime-grpc-data-source-vGyp3ClS-py3.12/lib/python3.12/site-packages/grpc/aio/_call.py", line 327, in __await__
    raise _create_rpc_error(
grpc.aio._call.AioRpcError: <AioRpcError of RPC that terminated with:
	status = StatusCode.INVALID_ARGUMENT
	details = "INVALID_ARGUMENT: Invalid date range"
	debug_error_string = "UNKNOWN:Error received from peer  {grpc_message:"INVALID_ARGUMENT: Invalid date range", grpc_status:3}"
>
[2026-03-11 19:35:29,024] ERROR in ziplime_grpc_data_source.grpc_data_source: {"event": "Exception fetching historical data for symbol UGLD@MISX, date_from=2024-01-01 00:00:00+03:00, date_to=2025-09-18 00:00:00+03:00. Skipping.", "logger": "ziplime_grpc_data_source.grpc_data_source", "level": "error", "timestamp": "2026-03-11T14:35:29.023136Z", "exception": "Traceback (most recent call last):\n  File \"/Users/vyacheslav/Downloads/ziplime-grpc-data-source-main 5/ziplime_grpc_data_source/grpc_data_source.py\", line 163, in fetch_historical\n    result, duration, requests_time = await self.fetch_historical_lime_trader_data(channel=channel,\n                                      ^^^^^^^^^^^^^^^^^^^^^^^^^^^^^^^^^^^^^^^^^^^^^^^^^^^^^^^^^^^^^\n  File \"/Users/vyacheslav/Downloads/ziplime-grpc-data-source-main 5/ziplime_grpc_data_source/grpc_data_source.py\", line 105, in fetch_historical_lime_trader_data\n    response = await stub.Bars(bars_request, metadata=metadata)\n               ^^^^^^^^^^^^^^^^^^^^^^^^^^^^^^^^^^^^^^^^^^^^^^^^\n  File \"/Users/vyacheslav/Library/Caches/pypoetry/virtualenvs/ziplime-grpc-data-source-vGyp3ClS-py3.12/lib/python3.12/site-packages/grpc/aio/_call.py\", line 327, in __await__\n    raise _create_rpc_error(\ngrpc.aio._call.AioRpcError: <AioRpcError of RPC that terminated with:\n\tstatus = StatusCode.INVALID_ARGUMENT\n\tdetails = \"INVALID_ARGUMENT: Invalid date range\"\n\tdebug_error_string = \"UNKNOWN:Error received from peer  {grpc_status:3, grpc_message:\"INVALID_ARGUMENT: Invalid date range\"}\"\n>", "lineno": 170, "filename": "grpc_data_source.py", "func_name": "fetch_historical"}
Traceback (most recent call last):
  File "/Users/vyacheslav/Downloads/ziplime-grpc-data-source-main 5/ziplime_grpc_data_source/grpc_data_source.py", line 163, in fetch_historical
    result, duration, requests_time = await self.fetch_historical_lime_trader_data(channel=channel,
                                      ^^^^^^^^^^^^^^^^^^^^^^^^^^^^^^^^^^^^^^^^^^^^^^^^^^^^^^^^^^^^^
  File "/Users/vyacheslav/Downloads/ziplime-grpc-data-source-main 5/ziplime_grpc_data_source/grpc_data_source.py", line 105, in fetch_historical_lime_trader_data
    response = await stub.Bars(bars_request, metadata=metadata)
               ^^^^^^^^^^^^^^^^^^^^^^^^^^^^^^^^^^^^^^^^^^^^^^^^
  File "/Users/vyacheslav/Library/Caches/pypoetry/virtualenvs/ziplime-grpc-data-source-vGyp3ClS-py3.12/lib/python3.12/site-packages/grpc/aio/_call.py", line 327, in __await__
    raise _create_rpc_error(
grpc.aio._call.AioRpcError: <AioRpcError of RPC that terminated with:
	status = StatusCode.INVALID_ARGUMENT
	details = "INVALID_ARGUMENT: Invalid date range"
	debug_error_string = "UNKNOWN:Error received from peer  {grpc_status:3, grpc_message:"INVALID_ARGUMENT: Invalid date range"}"
>
[2026-03-11 19:35:29,026] ERROR in ziplime_grpc_data_source.grpc_data_source: {"event": "Exception fetching historical data for symbol SBER@MISX, date_from=2024-01-01 00:00:00+03:00, date_to=2025-09-18 00:00:00+03:00. Skipping.", "logger": "ziplime_grpc_data_source.grpc_data_source", "level": "error", "timestamp": "2026-03-11T14:35:29.026434Z", "exception": "Traceback (most recent call last):\n  File \"/Users/vyacheslav/Downloads/ziplime-grpc-data-source-main 5/ziplime_grpc_data_source/grpc_data_source.py\", line 163, in fetch_historical\n    result, duration, requests_time = await self.fetch_historical_lime_trader_data(channel=channel,\n                                      ^^^^^^^^^^^^^^^^^^^^^^^^^^^^^^^^^^^^^^^^^^^^^^^^^^^^^^^^^^^^^\n  File \"/Users/vyacheslav/Downloads/ziplime-grpc-data-source-main 5/ziplime_grpc_data_source/grpc_data_source.py\", line 105, in fetch_historical_lime_trader_data\n    response = await stub.Bars(bars_request, metadata=metadata)\n               ^^^^^^^^^^^^^^^^^^^^^^^^^^^^^^^^^^^^^^^^^^^^^^^^\n  File \"/Users/vyacheslav/Library/Caches/pypoetry/virtualenvs/ziplime-grpc-data-source-vGyp3ClS-py3.12/lib/python3.12/site-packages/grpc/aio/_call.py\", line 327, in __await__\n    raise _create_rpc_error(\ngrpc.aio._call.AioRpcError: <AioRpcError of RPC that terminated with:\n\tstatus = StatusCode.INVALID_ARGUMENT\n\tdetails = \"INVALID_ARGUMENT: Invalid date range\"\n\tdebug_error_string = \"UNKNOWN:Error received from peer  {grpc_status:3, grpc_message:\"INVALID_ARGUMENT: Invalid date range\"}\"\n>", "lineno": 170, "filename": "grpc_data_source.py", "func_name": "fetch_historical"}
Traceback (most recent call last):
  File "/Users/vyacheslav/Downloads/ziplime-grpc-data-source-main 5/ziplime_grpc_data_source/grpc_data_source.py", line 163, in fetch_historical
    result, duration, requests_time = await self.fetch_historical_lime_trader_data(channel=channel,
                                      ^^^^^^^^^^^^^^^^^^^^^^^^^^^^^^^^^^^^^^^^^^^^^^^^^^^^^^^^^^^^^
  File "/Users/vyacheslav/Downloads/ziplime-grpc-data-source-main 5/ziplime_grpc_data_source/grpc_data_source.py", line 105, in fetch_historical_lime_trader_data
    response = await stub.Bars(bars_request, metadata=metadata)
               ^^^^^^^^^^^^^^^^^^^^^^^^^^^^^^^^^^^^^^^^^^^^^^^^
  File "/Users/vyacheslav/Library/Caches/pypoetry/virtualenvs/ziplime-grpc-data-source-vGyp3ClS-py3.12/lib/python3.12/site-packages/grpc/aio/_call.py", line 327, in __await__
    raise _create_rpc_error(
grpc.aio._call.AioRpcError: <AioRpcError of RPC that terminated with:
	status = StatusCode.INVALID_ARGUMENT
	details = "INVALID_ARGUMENT: Invalid date range"
	debug_error_string = "UNKNOWN:Error received from peer  {grpc_status:3, grpc_message:"INVALID_ARGUMENT: Invalid date range"}"
>
[2026-03-11 19:35:29,028] INFO in ziplime_grpc_data_source.grpc_data_source: {"total_duration": 0, "requests_duration": 0, "event": "Retrieved 0 candles for ['SBER@MISX', 'UGLD@MISX', 'UKUZ@MISX', 'WUSH@MISX'] in 0.00s. Total requests time: 0.00s", "logger": "ziplime_grpc_data_source.grpc_data_source", "level": "info", "timestamp": "2026-03-11T14:35:29.028243Z", "lineno": 217, "filename": "grpc_data_source.py", "func_name": "get_data"}
[2026-03-11 19:35:29,028] WARNING in ziplime.data.services.bundle_service: {"event": "No data for symbols=['SBER@MISX', 'UGLD@MISX', 'UKUZ@MISX', 'WUSH@MISX'], frequency=1 day, 0:00:00, date_from=2024-01-01 00:00:00+03:00, date_end=2025-09-18 00:00:00+03:00 found. Skipping ingestion.", "logger": "ziplime.data.services.bundle_service", "level": "warning", "timestamp": "2026-03-11T14:35:29.028537Z", "lineno": 320, "filename": "bundle_service.py", "func_name": "ingest_market_data_bundle"}
[2026-03-11 19:35:44,251] INFO in alembic.runtime.migration: Context impl SQLiteImpl.
[2026-03-11 19:35:44,252] INFO in alembic.runtime.migration: Will assume non-transactional DDL.
[2026-03-11 19:35:46,940] INFO in ziplime.data.services.bundle_service: {"event": "Ingesting market data bundle: name=grpc_daily_data, date_start=2024-01-01 00:00:00+03:00, date_end=2025-09-18 00:00:00+03:00, symbols=['SBER@MISX'], frequency=1 day, 0:00:00", "logger": "ziplime.data.services.bundle_service", "level": "info", "timestamp": "2026-03-11T14:35:46.940342Z", "filename": "bundle_service.py", "func_name": "ingest_market_data_bundle", "lineno": 297}
[2026-03-11 19:35:46,941] INFO in ziplime_grpc_data_source.grpc_data_source: {"symbol": "SBER@MISX", "start_date": "datetime.datetime(2024, 1, 1, 0, 0, tzinfo=zoneinfo.ZoneInfo(key='Europe/Moscow'))", "end_date": "datetime.datetime(2025, 9, 18, 0, 0, tzinfo=zoneinfo.ZoneInfo(key='Europe/Moscow'))", "event": "Fetching market data for symbol SBER@MISX - 2024-01-01 00:00:00+03:00 to 2025-09-18 00:00:00+03:00", "logger": "ziplime_grpc_data_source.grpc_data_source", "level": "info", "timestamp": "2026-03-11T14:35:46.941794Z", "filename": "grpc_data_source.py", "func_name": "fetch_historical_lime_trader_data", "lineno": 101}
[2026-03-11 19:35:49,246] ERROR in ziplime_grpc_data_source.grpc_data_source: {"event": "Exception fetching historical data for symbol SBER@MISX, date_from=2024-01-01 00:00:00+03:00, date_to=2025-09-18 00:00:00+03:00. Skipping.", "logger": "ziplime_grpc_data_source.grpc_data_source", "level": "error", "timestamp": "2026-03-11T14:35:49.243969Z", "exception": "Traceback (most recent call last):\n  File \"/Users/vyacheslav/Downloads/ziplime-grpc-data-source-main 5/ziplime_grpc_data_source/grpc_data_source.py\", line 163, in fetch_historical\n    result, duration, requests_time = await self.fetch_historical_lime_trader_data(channel=channel,\n                                      ^^^^^^^^^^^^^^^^^^^^^^^^^^^^^^^^^^^^^^^^^^^^^^^^^^^^^^^^^^^^^\n  File \"/Users/vyacheslav/Downloads/ziplime-grpc-data-source-main 5/ziplime_grpc_data_source/grpc_data_source.py\", line 105, in fetch_historical_lime_trader_data\n    response = await stub.Bars(bars_request, metadata=metadata)\n               ^^^^^^^^^^^^^^^^^^^^^^^^^^^^^^^^^^^^^^^^^^^^^^^^\n  File \"/Users/vyacheslav/Library/Caches/pypoetry/virtualenvs/ziplime-grpc-data-source-vGyp3ClS-py3.12/lib/python3.12/site-packages/grpc/aio/_call.py\", line 327, in __await__\n    raise _create_rpc_error(\ngrpc.aio._call.AioRpcError: <AioRpcError of RPC that terminated with:\n\tstatus = StatusCode.INVALID_ARGUMENT\n\tdetails = \"INVALID_ARGUMENT: Invalid date range\"\n\tdebug_error_string = \"UNKNOWN:Error received from peer  {grpc_status:3, grpc_message:\"INVALID_ARGUMENT: Invalid date range\"}\"\n>", "filename": "grpc_data_source.py", "func_name": "fetch_historical", "lineno": 170}
Traceback (most recent call last):
  File "/Users/vyacheslav/Downloads/ziplime-grpc-data-source-main 5/ziplime_grpc_data_source/grpc_data_source.py", line 163, in fetch_historical
    result, duration, requests_time = await self.fetch_historical_lime_trader_data(channel=channel,
                                      ^^^^^^^^^^^^^^^^^^^^^^^^^^^^^^^^^^^^^^^^^^^^^^^^^^^^^^^^^^^^^
  File "/Users/vyacheslav/Downloads/ziplime-grpc-data-source-main 5/ziplime_grpc_data_source/grpc_data_source.py", line 105, in fetch_historical_lime_trader_data
    response = await stub.Bars(bars_request, metadata=metadata)
               ^^^^^^^^^^^^^^^^^^^^^^^^^^^^^^^^^^^^^^^^^^^^^^^^
  File "/Users/vyacheslav/Library/Caches/pypoetry/virtualenvs/ziplime-grpc-data-source-vGyp3ClS-py3.12/lib/python3.12/site-packages/grpc/aio/_call.py", line 327, in __await__
    raise _create_rpc_error(
grpc.aio._call.AioRpcError: <AioRpcError of RPC that terminated with:
	status = StatusCode.INVALID_ARGUMENT
	details = "INVALID_ARGUMENT: Invalid date range"
	debug_error_string = "UNKNOWN:Error received from peer  {grpc_status:3, grpc_message:"INVALID_ARGUMENT: Invalid date range"}"
>
[2026-03-11 19:35:49,247] INFO in ziplime_grpc_data_source.grpc_data_source: {"total_duration": 0, "requests_duration": 0, "event": "Retrieved 0 candles for ['SBER@MISX'] in 0.00s. Total requests time: 0.00s", "logger": "ziplime_grpc_data_source.grpc_data_source", "level": "info", "timestamp": "2026-03-11T14:35:49.247802Z", "filename": "grpc_data_source.py", "func_name": "get_data", "lineno": 217}
[2026-03-11 19:35:49,248] WARNING in ziplime.data.services.bundle_service: {"event": "No data for symbols=['SBER@MISX'], frequency=1 day, 0:00:00, date_from=2024-01-01 00:00:00+03:00, date_end=2025-09-18 00:00:00+03:00 found. Skipping ingestion.", "logger": "ziplime.data.services.bundle_service", "level": "warning", "timestamp": "2026-03-11T14:35:49.248041Z", "filename": "bundle_service.py", "func_name": "ingest_market_data_bundle", "lineno": 320}
[2026-03-11 19:36:14,644] INFO in alembic.runtime.migration: Context impl SQLiteImpl.
[2026-03-11 19:36:14,645] INFO in alembic.runtime.migration: Will assume non-transactional DDL.
[2026-03-11 19:36:17,144] INFO in ziplime.data.services.bundle_service: {"event": "Ingesting market data bundle: name=grpc_daily_data, date_start=2025-01-01 00:00:00+03:00, date_end=2026-02-18 00:00:00+03:00, symbols=['SBER@MISX', 'UGLD@MISX', 'UKUZ@MISX', 'WUSH@MISX'], frequency=1 day, 0:00:00", "logger": "ziplime.data.services.bundle_service", "level": "info", "timestamp": "2026-03-11T14:36:17.144707Z", "func_name": "ingest_market_data_bundle", "filename": "bundle_service.py", "lineno": 297}
[2026-03-11 19:36:17,145] INFO in ziplime_grpc_data_source.grpc_data_source: {"symbol": "SBER@MISX", "start_date": "datetime.datetime(2025, 1, 1, 0, 0, tzinfo=zoneinfo.ZoneInfo(key='Europe/Moscow'))", "end_date": "datetime.datetime(2026, 2, 18, 0, 0, tzinfo=zoneinfo.ZoneInfo(key='Europe/Moscow'))", "event": "Fetching market data for symbol SBER@MISX - 2025-01-01 00:00:00+03:00 to 2026-02-18 00:00:00+03:00", "logger": "ziplime_grpc_data_source.grpc_data_source", "level": "info", "timestamp": "2026-03-11T14:36:17.145749Z", "func_name": "fetch_historical_lime_trader_data", "filename": "grpc_data_source.py", "lineno": 101}
[2026-03-11 19:36:17,145] INFO in ziplime_grpc_data_source.grpc_data_source: {"symbol": "UGLD@MISX", "start_date": "datetime.datetime(2025, 1, 1, 0, 0, tzinfo=zoneinfo.ZoneInfo(key='Europe/Moscow'))", "end_date": "datetime.datetime(2026, 2, 18, 0, 0, tzinfo=zoneinfo.ZoneInfo(key='Europe/Moscow'))", "event": "Fetching market data for symbol UGLD@MISX - 2025-01-01 00:00:00+03:00 to 2026-02-18 00:00:00+03:00", "logger": "ziplime_grpc_data_source.grpc_data_source", "level": "info", "timestamp": "2026-03-11T14:36:17.145929Z", "func_name": "fetch_historical_lime_trader_data", "filename": "grpc_data_source.py", "lineno": 101}
[2026-03-11 19:36:17,146] INFO in ziplime_grpc_data_source.grpc_data_source: {"symbol": "UKUZ@MISX", "start_date": "datetime.datetime(2025, 1, 1, 0, 0, tzinfo=zoneinfo.ZoneInfo(key='Europe/Moscow'))", "end_date": "datetime.datetime(2026, 2, 18, 0, 0, tzinfo=zoneinfo.ZoneInfo(key='Europe/Moscow'))", "event": "Fetching market data for symbol UKUZ@MISX - 2025-01-01 00:00:00+03:00 to 2026-02-18 00:00:00+03:00", "logger": "ziplime_grpc_data_source.grpc_data_source", "level": "info", "timestamp": "2026-03-11T14:36:17.146041Z", "func_name": "fetch_historical_lime_trader_data", "filename": "grpc_data_source.py", "lineno": 101}
[2026-03-11 19:36:17,146] INFO in ziplime_grpc_data_source.grpc_data_source: {"symbol": "WUSH@MISX", "start_date": "datetime.datetime(2025, 1, 1, 0, 0, tzinfo=zoneinfo.ZoneInfo(key='Europe/Moscow'))", "end_date": "datetime.datetime(2026, 2, 18, 0, 0, tzinfo=zoneinfo.ZoneInfo(key='Europe/Moscow'))", "event": "Fetching market data for symbol WUSH@MISX - 2025-01-01 00:00:00+03:00 to 2026-02-18 00:00:00+03:00", "logger": "ziplime_grpc_data_source.grpc_data_source", "level": "info", "timestamp": "2026-03-11T14:36:17.146220Z", "func_name": "fetch_historical_lime_trader_data", "filename": "grpc_data_source.py", "lineno": 101}
[2026-03-11 19:36:19,162] ERROR in ziplime_grpc_data_source.grpc_data_source: {"event": "Exception fetching historical data for symbol SBER@MISX, date_from=2025-01-01 00:00:00+03:00, date_to=2026-02-18 00:00:00+03:00. Skipping.", "logger": "ziplime_grpc_data_source.grpc_data_source", "level": "error", "timestamp": "2026-03-11T14:36:19.159554Z", "exception": "Traceback (most recent call last):\n  File \"/Users/vyacheslav/Downloads/ziplime-grpc-data-source-main 5/ziplime_grpc_data_source/grpc_data_source.py\", line 163, in fetch_historical\n    result, duration, requests_time = await self.fetch_historical_lime_trader_data(channel=channel,\n                                      ^^^^^^^^^^^^^^^^^^^^^^^^^^^^^^^^^^^^^^^^^^^^^^^^^^^^^^^^^^^^^\n  File \"/Users/vyacheslav/Downloads/ziplime-grpc-data-source-main 5/ziplime_grpc_data_source/grpc_data_source.py\", line 105, in fetch_historical_lime_trader_data\n    response = await stub.Bars(bars_request, metadata=metadata)\n               ^^^^^^^^^^^^^^^^^^^^^^^^^^^^^^^^^^^^^^^^^^^^^^^^\n  File \"/Users/vyacheslav/Library/Caches/pypoetry/virtualenvs/ziplime-grpc-data-source-vGyp3ClS-py3.12/lib/python3.12/site-packages/grpc/aio/_call.py\", line 327, in __await__\n    raise _create_rpc_error(\ngrpc.aio._call.AioRpcError: <AioRpcError of RPC that terminated with:\n\tstatus = StatusCode.INVALID_ARGUMENT\n\tdetails = \"INVALID_ARGUMENT: Invalid date range\"\n\tdebug_error_string = \"UNKNOWN:Error received from peer  {grpc_message:\"INVALID_ARGUMENT: Invalid date range\", grpc_status:3}\"\n>", "func_name": "fetch_historical", "filename": "grpc_data_source.py", "lineno": 170}
Traceback (most recent call last):
  File "/Users/vyacheslav/Downloads/ziplime-grpc-data-source-main 5/ziplime_grpc_data_source/grpc_data_source.py", line 163, in fetch_historical
    result, duration, requests_time = await self.fetch_historical_lime_trader_data(channel=channel,
                                      ^^^^^^^^^^^^^^^^^^^^^^^^^^^^^^^^^^^^^^^^^^^^^^^^^^^^^^^^^^^^^
  File "/Users/vyacheslav/Downloads/ziplime-grpc-data-source-main 5/ziplime_grpc_data_source/grpc_data_source.py", line 105, in fetch_historical_lime_trader_data
    response = await stub.Bars(bars_request, metadata=metadata)
               ^^^^^^^^^^^^^^^^^^^^^^^^^^^^^^^^^^^^^^^^^^^^^^^^
  File "/Users/vyacheslav/Library/Caches/pypoetry/virtualenvs/ziplime-grpc-data-source-vGyp3ClS-py3.12/lib/python3.12/site-packages/grpc/aio/_call.py", line 327, in __await__
    raise _create_rpc_error(
grpc.aio._call.AioRpcError: <AioRpcError of RPC that terminated with:
	status = StatusCode.INVALID_ARGUMENT
	details = "INVALID_ARGUMENT: Invalid date range"
	debug_error_string = "UNKNOWN:Error received from peer  {grpc_message:"INVALID_ARGUMENT: Invalid date range", grpc_status:3}"
>
[2026-03-11 19:36:19,164] ERROR in ziplime_grpc_data_source.grpc_data_source: {"event": "Exception fetching historical data for symbol WUSH@MISX, date_from=2025-01-01 00:00:00+03:00, date_to=2026-02-18 00:00:00+03:00. Skipping.", "logger": "ziplime_grpc_data_source.grpc_data_source", "level": "error", "timestamp": "2026-03-11T14:36:19.164009Z", "exception": "Traceback (most recent call last):\n  File \"/Users/vyacheslav/Downloads/ziplime-grpc-data-source-main 5/ziplime_grpc_data_source/grpc_data_source.py\", line 163, in fetch_historical\n    result, duration, requests_time = await self.fetch_historical_lime_trader_data(channel=channel,\n                                      ^^^^^^^^^^^^^^^^^^^^^^^^^^^^^^^^^^^^^^^^^^^^^^^^^^^^^^^^^^^^^\n  File \"/Users/vyacheslav/Downloads/ziplime-grpc-data-source-main 5/ziplime_grpc_data_source/grpc_data_source.py\", line 105, in fetch_historical_lime_trader_data\n    response = await stub.Bars(bars_request, metadata=metadata)\n               ^^^^^^^^^^^^^^^^^^^^^^^^^^^^^^^^^^^^^^^^^^^^^^^^\n  File \"/Users/vyacheslav/Library/Caches/pypoetry/virtualenvs/ziplime-grpc-data-source-vGyp3ClS-py3.12/lib/python3.12/site-packages/grpc/aio/_call.py\", line 327, in __await__\n    raise _create_rpc_error(\ngrpc.aio._call.AioRpcError: <AioRpcError of RPC that terminated with:\n\tstatus = StatusCode.INVALID_ARGUMENT\n\tdetails = \"INVALID_ARGUMENT: Invalid date range\"\n\tdebug_error_string = \"UNKNOWN:Error received from peer  {grpc_message:\"INVALID_ARGUMENT: Invalid date range\", grpc_status:3}\"\n>", "func_name": "fetch_historical", "filename": "grpc_data_source.py", "lineno": 170}
Traceback (most recent call last):
  File "/Users/vyacheslav/Downloads/ziplime-grpc-data-source-main 5/ziplime_grpc_data_source/grpc_data_source.py", line 163, in fetch_historical
    result, duration, requests_time = await self.fetch_historical_lime_trader_data(channel=channel,
                                      ^^^^^^^^^^^^^^^^^^^^^^^^^^^^^^^^^^^^^^^^^^^^^^^^^^^^^^^^^^^^^
  File "/Users/vyacheslav/Downloads/ziplime-grpc-data-source-main 5/ziplime_grpc_data_source/grpc_data_source.py", line 105, in fetch_historical_lime_trader_data
    response = await stub.Bars(bars_request, metadata=metadata)
               ^^^^^^^^^^^^^^^^^^^^^^^^^^^^^^^^^^^^^^^^^^^^^^^^
  File "/Users/vyacheslav/Library/Caches/pypoetry/virtualenvs/ziplime-grpc-data-source-vGyp3ClS-py3.12/lib/python3.12/site-packages/grpc/aio/_call.py", line 327, in __await__
    raise _create_rpc_error(
grpc.aio._call.AioRpcError: <AioRpcError of RPC that terminated with:
	status = StatusCode.INVALID_ARGUMENT
	details = "INVALID_ARGUMENT: Invalid date range"
	debug_error_string = "UNKNOWN:Error received from peer  {grpc_message:"INVALID_ARGUMENT: Invalid date range", grpc_status:3}"
>
[2026-03-11 19:36:19,448] ERROR in ziplime_grpc_data_source.grpc_data_source: {"event": "Exception fetching historical data for symbol UGLD@MISX, date_from=2025-01-01 00:00:00+03:00, date_to=2026-02-18 00:00:00+03:00. Skipping.", "logger": "ziplime_grpc_data_source.grpc_data_source", "level": "error", "timestamp": "2026-03-11T14:36:19.448043Z", "exception": "Traceback (most recent call last):\n  File \"/Users/vyacheslav/Downloads/ziplime-grpc-data-source-main 5/ziplime_grpc_data_source/grpc_data_source.py\", line 163, in fetch_historical\n    result, duration, requests_time = await self.fetch_historical_lime_trader_data(channel=channel,\n                                      ^^^^^^^^^^^^^^^^^^^^^^^^^^^^^^^^^^^^^^^^^^^^^^^^^^^^^^^^^^^^^\n  File \"/Users/vyacheslav/Downloads/ziplime-grpc-data-source-main 5/ziplime_grpc_data_source/grpc_data_source.py\", line 105, in fetch_historical_lime_trader_data\n    response = await stub.Bars(bars_request, metadata=metadata)\n               ^^^^^^^^^^^^^^^^^^^^^^^^^^^^^^^^^^^^^^^^^^^^^^^^\n  File \"/Users/vyacheslav/Library/Caches/pypoetry/virtualenvs/ziplime-grpc-data-source-vGyp3ClS-py3.12/lib/python3.12/site-packages/grpc/aio/_call.py\", line 327, in __await__\n    raise _create_rpc_error(\ngrpc.aio._call.AioRpcError: <AioRpcError of RPC that terminated with:\n\tstatus = StatusCode.INVALID_ARGUMENT\n\tdetails = \"INVALID_ARGUMENT: Invalid date range\"\n\tdebug_error_string = \"UNKNOWN:Error received from peer  {grpc_message:\"INVALID_ARGUMENT: Invalid date range\", grpc_status:3}\"\n>", "func_name": "fetch_historical", "filename": "grpc_data_source.py", "lineno": 170}
Traceback (most recent call last):
  File "/Users/vyacheslav/Downloads/ziplime-grpc-data-source-main 5/ziplime_grpc_data_source/grpc_data_source.py", line 163, in fetch_historical
    result, duration, requests_time = await self.fetch_historical_lime_trader_data(channel=channel,
                                      ^^^^^^^^^^^^^^^^^^^^^^^^^^^^^^^^^^^^^^^^^^^^^^^^^^^^^^^^^^^^^
  File "/Users/vyacheslav/Downloads/ziplime-grpc-data-source-main 5/ziplime_grpc_data_source/grpc_data_source.py", line 105, in fetch_historical_lime_trader_data
    response = await stub.Bars(bars_request, metadata=metadata)
               ^^^^^^^^^^^^^^^^^^^^^^^^^^^^^^^^^^^^^^^^^^^^^^^^
  File "/Users/vyacheslav/Library/Caches/pypoetry/virtualenvs/ziplime-grpc-data-source-vGyp3ClS-py3.12/lib/python3.12/site-packages/grpc/aio/_call.py", line 327, in __await__
    raise _create_rpc_error(
grpc.aio._call.AioRpcError: <AioRpcError of RPC that terminated with:
	status = StatusCode.INVALID_ARGUMENT
	details = "INVALID_ARGUMENT: Invalid date range"
	debug_error_string = "UNKNOWN:Error received from peer  {grpc_message:"INVALID_ARGUMENT: Invalid date range", grpc_status:3}"
>
[2026-03-11 19:36:19,449] ERROR in ziplime_grpc_data_source.grpc_data_source: {"event": "Exception fetching historical data for symbol UKUZ@MISX, date_from=2025-01-01 00:00:00+03:00, date_to=2026-02-18 00:00:00+03:00. Skipping.", "logger": "ziplime_grpc_data_source.grpc_data_source", "level": "error", "timestamp": "2026-03-11T14:36:19.449135Z", "exception": "Traceback (most recent call last):\n  File \"/Users/vyacheslav/Downloads/ziplime-grpc-data-source-main 5/ziplime_grpc_data_source/grpc_data_source.py\", line 163, in fetch_historical\n    result, duration, requests_time = await self.fetch_historical_lime_trader_data(channel=channel,\n                                      ^^^^^^^^^^^^^^^^^^^^^^^^^^^^^^^^^^^^^^^^^^^^^^^^^^^^^^^^^^^^^\n  File \"/Users/vyacheslav/Downloads/ziplime-grpc-data-source-main 5/ziplime_grpc_data_source/grpc_data_source.py\", line 105, in fetch_historical_lime_trader_data\n    response = await stub.Bars(bars_request, metadata=metadata)\n               ^^^^^^^^^^^^^^^^^^^^^^^^^^^^^^^^^^^^^^^^^^^^^^^^\n  File \"/Users/vyacheslav/Library/Caches/pypoetry/virtualenvs/ziplime-grpc-data-source-vGyp3ClS-py3.12/lib/python3.12/site-packages/grpc/aio/_call.py\", line 327, in __await__\n    raise _create_rpc_error(\ngrpc.aio._call.AioRpcError: <AioRpcError of RPC that terminated with:\n\tstatus = StatusCode.INVALID_ARGUMENT\n\tdetails = \"INVALID_ARGUMENT: Invalid date range\"\n\tdebug_error_string = \"UNKNOWN:Error received from peer  {grpc_status:3, grpc_message:\"INVALID_ARGUMENT: Invalid date range\"}\"\n>", "func_name": "fetch_historical", "filename": "grpc_data_source.py", "lineno": 170}
Traceback (most recent call last):
  File "/Users/vyacheslav/Downloads/ziplime-grpc-data-source-main 5/ziplime_grpc_data_source/grpc_data_source.py", line 163, in fetch_historical
    result, duration, requests_time = await self.fetch_historical_lime_trader_data(channel=channel,
                                      ^^^^^^^^^^^^^^^^^^^^^^^^^^^^^^^^^^^^^^^^^^^^^^^^^^^^^^^^^^^^^
  File "/Users/vyacheslav/Downloads/ziplime-grpc-data-source-main 5/ziplime_grpc_data_source/grpc_data_source.py", line 105, in fetch_historical_lime_trader_data
    response = await stub.Bars(bars_request, metadata=metadata)
               ^^^^^^^^^^^^^^^^^^^^^^^^^^^^^^^^^^^^^^^^^^^^^^^^
  File "/Users/vyacheslav/Library/Caches/pypoetry/virtualenvs/ziplime-grpc-data-source-vGyp3ClS-py3.12/lib/python3.12/site-packages/grpc/aio/_call.py", line 327, in __await__
    raise _create_rpc_error(
grpc.aio._call.AioRpcError: <AioRpcError of RPC that terminated with:
	status = StatusCode.INVALID_ARGUMENT
	details = "INVALID_ARGUMENT: Invalid date range"
	debug_error_string = "UNKNOWN:Error received from peer  {grpc_status:3, grpc_message:"INVALID_ARGUMENT: Invalid date range"}"
>
[2026-03-11 19:36:19,449] INFO in ziplime_grpc_data_source.grpc_data_source: {"total_duration": 0, "requests_duration": 0, "event": "Retrieved 0 candles for ['SBER@MISX', 'UGLD@MISX', 'UKUZ@MISX', 'WUSH@MISX'] in 0.00s. Total requests time: 0.00s", "logger": "ziplime_grpc_data_source.grpc_data_source", "level": "info", "timestamp": "2026-03-11T14:36:19.449865Z", "func_name": "get_data", "filename": "grpc_data_source.py", "lineno": 217}
[2026-03-11 19:36:19,450] WARNING in ziplime.data.services.bundle_service: {"event": "No data for symbols=['SBER@MISX', 'UGLD@MISX', 'UKUZ@MISX', 'WUSH@MISX'], frequency=1 day, 0:00:00, date_from=2025-01-01 00:00:00+03:00, date_end=2026-02-18 00:00:00+03:00 found. Skipping ingestion.", "logger": "ziplime.data.services.bundle_service", "level": "warning", "timestamp": "2026-03-11T14:36:19.449976Z", "func_name": "ingest_market_data_bundle", "filename": "bundle_service.py", "lineno": 320}
[2026-03-11 19:37:10,730] INFO in alembic.runtime.migration: Context impl SQLiteImpl.
[2026-03-11 19:37:10,730] INFO in alembic.runtime.migration: Will assume non-transactional DDL.
[2026-03-11 19:37:13,312] INFO in ziplime.data.services.bundle_service: {"event": "Ingesting market data bundle: name=grpc_daily_data, date_start=2025-01-01 00:00:00+03:00, date_end=2025-01-01 00:00:00+03:00, symbols=['SBER@MISX', 'UGLD@MISX', 'UKUZ@MISX', 'WUSH@MISX'], frequency=1 day, 0:00:00", "logger": "ziplime.data.services.bundle_service", "level": "info", "timestamp": "2026-03-11T14:37:13.312000Z", "filename": "bundle_service.py", "lineno": 297, "func_name": "ingest_market_data_bundle"}
[2026-03-11 19:37:13,313] INFO in ziplime_grpc_data_source.grpc_data_source: {"total_duration": 0, "requests_duration": 0, "event": "Retrieved 0 candles for ['SBER@MISX', 'UGLD@MISX', 'UKUZ@MISX', 'WUSH@MISX'] in 0.00s. Total requests time: 0.00s", "logger": "ziplime_grpc_data_source.grpc_data_source", "level": "info", "timestamp": "2026-03-11T14:37:13.313283Z", "filename": "grpc_data_source.py", "lineno": 217, "func_name": "get_data"}
[2026-03-11 19:37:13,313] WARNING in ziplime.data.services.bundle_service: {"event": "No data for symbols=['SBER@MISX', 'UGLD@MISX', 'UKUZ@MISX', 'WUSH@MISX'], frequency=1 day, 0:00:00, date_from=2025-01-01 00:00:00+03:00, date_end=2025-01-01 00:00:00+03:00 found. Skipping ingestion.", "logger": "ziplime.data.services.bundle_service", "level": "warning", "timestamp": "2026-03-11T14:37:13.313371Z", "filename": "bundle_service.py", "lineno": 320, "func_name": "ingest_market_data_bundle"}
